{
  "/Users/Alok/alok-rss-daily/lib/constants.ts": {
    "path": "/Users/Alok/alok-rss-daily/lib/constants.ts",
    "statementMap": {
      "0": { "start": { "line": 1, "column": 24 }, "end": { "line": 1, "column": null } },
      "1": { "start": { "line": 2, "column": 24 }, "end": { "line": 2, "column": null } },
      "2": { "start": { "line": 4, "column": 36 }, "end": { "line": 4, "column": null } },
      "3": { "start": { "line": 5, "column": 37 }, "end": { "line": 5, "column": null } },
      "4": { "start": { "line": 6, "column": 48 }, "end": { "line": 6, "column": null } },
      "5": { "start": { "line": 8, "column": 33 }, "end": { "line": 12, "column": null } }
    },
    "fnMap": {},
    "branchMap": {},
    "s": { "0": 1, "1": 1, "2": 1, "3": 1, "4": 1, "5": 1 },
    "f": {},
    "b": {},
    "meta": {
      "lastBranch": 0,
      "lastFunction": 0,
      "lastStatement": 6,
      "seen": {
        "s:1:24:1:Infinity": 0,
        "s:2:24:2:Infinity": 1,
        "s:4:36:4:Infinity": 2,
        "s:5:37:5:Infinity": 3,
        "s:6:48:6:Infinity": 4,
        "s:8:33:12:Infinity": 5
      }
    }
  },
  "/Users/Alok/alok-rss-daily/lib/server/dataFetcher.ts": {
    "path": "/Users/Alok/alok-rss-daily/lib/server/dataFetcher.ts",
    "statementMap": {
      "0": { "start": { "line": 9, "column": 8 }, "end": { "line": 9, "column": null } },
      "1": { "start": { "line": 13, "column": 26 }, "end": { "line": 13, "column": null } },
      "2": { "start": { "line": 15, "column": 2 }, "end": { "line": 18, "column": null } },
      "3": { "start": { "line": 16, "column": 4 }, "end": { "line": 16, "column": null } },
      "4": { "start": { "line": 17, "column": 4 }, "end": { "line": 17, "column": null } },
      "5": { "start": { "line": 21, "column": 2 }, "end": { "line": 21, "column": null } },
      "6": { "start": { "line": 21, "column": 48 }, "end": { "line": 21, "column": 58 } },
      "7": { "start": { "line": 28, "column": 8 }, "end": { "line": 28, "column": null } },
      "8": { "start": { "line": 31, "column": 2 }, "end": { "line": 34, "column": null } },
      "9": { "start": { "line": 32, "column": 4 }, "end": { "line": 32, "column": null } },
      "10": { "start": { "line": 33, "column": 4 }, "end": { "line": 33, "column": null } },
      "11": { "start": { "line": 36, "column": 29 }, "end": { "line": 36, "column": null } },
      "12": { "start": { "line": 41, "column": 20 }, "end": { "line": 41, "column": null } },
      "13": { "start": { "line": 42, "column": 18 }, "end": { "line": 42, "column": null } },
      "14": { "start": { "line": 45, "column": 25 }, "end": { "line": 47, "column": null } },
      "15": { "start": { "line": 46, "column": 4 }, "end": { "line": 46, "column": null } },
      "16": { "start": { "line": 46, "column": 21 }, "end": { "line": 46, "column": 78 } },
      "17": { "start": { "line": 49, "column": 22 }, "end": { "line": 53, "column": null } },
      "18": { "start": { "line": 56, "column": 2 }, "end": { "line": 68, "column": null } },
      "19": { "start": { "line": 57, "column": 19 }, "end": { "line": 57, "column": null } },
      "20": { "start": { "line": 59, "column": 4 }, "end": { "line": 59, "column": null } },
      "21": { "start": { "line": 60, "column": 4 }, "end": { "line": 60, "column": null } },
      "22": { "start": { "line": 62, "column": 4 }, "end": { "line": 62, "column": null } },
      "23": { "start": { "line": 63, "column": 4 }, "end": { "line": 63, "column": null } },
      "24": { "start": { "line": 70, "column": 2 }, "end": { "line": 73, "column": null } },
      "25": { "start": { "line": 71, "column": 4 }, "end": { "line": 71, "column": null } },
      "26": { "start": { "line": 72, "column": 4 }, "end": { "line": 72, "column": null } },
      "27": { "start": { "line": 75, "column": 2 }, "end": { "line": 77, "column": null } },
      "28": { "start": { "line": 76, "column": 4 }, "end": { "line": 76, "column": null } },
      "29": { "start": { "line": 79, "column": 21 }, "end": { "line": 79, "column": null } },
      "30": { "start": { "line": 80, "column": 2 }, "end": { "line": 82, "column": null } },
      "31": { "start": { "line": 81, "column": 4 }, "end": { "line": 81, "column": null } },
      "32": { "start": { "line": 83, "column": 18 }, "end": { "line": 83, "column": null } },
      "33": { "start": { "line": 85, "column": 56 }, "end": { "line": 89, "column": null } },
      "34": { "start": { "line": 91, "column": 2 }, "end": { "line": 113, "column": null } },
      "35": { "start": { "line": 94, "column": 29 }, "end": { "line": 104, "column": null } },
      "36": { "start": { "line": 106, "column": 23 }, "end": { "line": 106, "column": null } },
      "37": { "start": { "line": 107, "column": 4 }, "end": { "line": 112, "column": null } },
      "38": { "start": { "line": 108, "column": 6 }, "end": { "line": 108, "column": null } },
      "39": { "start": { "line": 111, "column": 6 }, "end": { "line": 111, "column": null } },
      "40": { "start": { "line": 115, "column": 2 }, "end": { "line": 117, "column": null } },
      "41": { "start": { "line": 116, "column": 4 }, "end": { "line": 116, "column": null } },
      "42": { "start": { "line": 116, "column": 41 }, "end": { "line": 116, "column": 96 } },
      "43": { "start": { "line": 119, "column": 2 }, "end": { "line": 119, "column": null } },
      "44": { "start": { "line": 131, "column": 41 }, "end": { "line": 171, "column": null } },
      "45": { "start": { "line": 134, "column": 2 }, "end": { "line": 170, "column": null } },
      "46": { "start": { "line": 135, "column": 10 }, "end": { "line": 135, "column": null } },
      "47": { "start": { "line": 136, "column": 20 }, "end": { "line": 136, "column": null } },
      "48": { "start": { "line": 138, "column": 17 }, "end": { "line": 141, "column": null } },
      "49": { "start": { "line": 143, "column": 4 }, "end": { "line": 145, "column": null } },
      "50": { "start": { "line": 144, "column": 6 }, "end": { "line": 144, "column": null } },
      "51": { "start": { "line": 147, "column": 17 }, "end": { "line": 147, "column": null } },
      "52": { "start": { "line": 148, "column": 24 }, "end": { "line": 148, "column": null } },
      "53": { "start": { "line": 150, "column": 6 }, "end": { "line": 151, "column": null } },
      "54": { "start": { "line": 152, "column": 18 }, "end": { "line": 152, "column": null } },
      "55": { "start": { "line": 158, "column": 10 }, "end": { "line": 158, "column": null } },
      "56": { "start": { "line": 159, "column": 10 }, "end": { "line": 159, "column": null } },
      "57": { "start": { "line": 160, "column": 10 }, "end": { "line": 160, "column": null } },
      "58": { "start": { "line": 162, "column": 4 }, "end": { "line": 166, "column": null } },
      "59": { "start": { "line": 168, "column": 4 }, "end": { "line": 168, "column": null } },
      "60": { "start": { "line": 169, "column": 4 }, "end": { "line": 169, "column": null } },
      "61": { "start": { "line": 175, "column": 2 }, "end": { "line": 223, "column": null } },
      "62": { "start": { "line": 176, "column": 10 }, "end": { "line": 176, "column": null } },
      "63": { "start": { "line": 177, "column": 10 }, "end": { "line": 177, "column": null } },
      "64": { "start": { "line": 178, "column": 20 }, "end": { "line": 178, "column": null } },
      "65": { "start": { "line": 181, "column": 17 }, "end": { "line": 184, "column": null } },
      "66": { "start": { "line": 186, "column": 4 }, "end": { "line": 188, "column": null } },
      "67": { "start": { "line": 187, "column": 6 }, "end": { "line": 187, "column": null } },
      "68": { "start": { "line": 190, "column": 17 }, "end": { "line": 190, "column": null } },
      "69": { "start": { "line": 194, "column": 29 }, "end": { "line": 217, "column": null } },
      "70": { "start": { "line": 219, "column": 4 }, "end": { "line": 219, "column": null } },
      "71": { "start": { "line": 221, "column": 4 }, "end": { "line": 221, "column": null } },
      "72": { "start": { "line": 222, "column": 4 }, "end": { "line": 222, "column": null } },
      "73": { "start": { "line": 227, "column": 8 }, "end": { "line": 227, "column": null } },
      "74": { "start": { "line": 231, "column": 8 }, "end": { "line": 231, "column": null } },
      "75": { "start": { "line": 233, "column": 26 }, "end": { "line": 233, "column": null } },
      "76": { "start": { "line": 235, "column": 2 }, "end": { "line": 261, "column": null } },
      "77": { "start": { "line": 236, "column": 4 }, "end": { "line": 236, "column": null } },
      "78": { "start": { "line": 239, "column": 28 }, "end": { "line": 239, "column": null } },
      "79": { "start": { "line": 241, "column": 4 }, "end": { "line": 243, "column": null } },
      "80": { "start": { "line": 242, "column": 6 }, "end": { "line": 242, "column": null } },
      "81": { "start": { "line": 247, "column": 4 }, "end": { "line": 255, "column": null } },
      "82": { "start": { "line": 248, "column": 53 }, "end": { "line": 252, "column": null } },
      "83": { "start": { "line": 254, "column": 6 }, "end": { "line": 254, "column": null } },
      "84": { "start": { "line": 254, "column": 23 }, "end": { "line": 254, "column": null } },
      "85": { "start": { "line": 257, "column": 4 }, "end": { "line": 259, "column": null } },
      "86": { "start": { "line": 258, "column": 6 }, "end": { "line": 258, "column": null } },
      "87": { "start": { "line": 260, "column": 4 }, "end": { "line": 260, "column": null } },
      "88": { "start": { "line": 264, "column": 2 }, "end": { "line": 270, "column": null } },
      "89": { "start": { "line": 284, "column": 13 }, "end": { "line": 328, "column": null } },
      "90": { "start": { "line": 286, "column": 4 }, "end": { "line": 324, "column": null } },
      "91": { "start": { "line": 287, "column": 12 }, "end": { "line": 287, "column": null } },
      "92": { "start": { "line": 290, "column": 19 }, "end": { "line": 293, "column": null } },
      "93": { "start": { "line": 295, "column": 32 }, "end": { "line": 295, "column": null } },
      "94": { "start": { "line": 296, "column": 26 }, "end": { "line": 296, "column": null } },
      "95": { "start": { "line": 298, "column": 6 }, "end": { "line": 312, "column": null } },
      "96": { "start": { "line": 299, "column": 8 }, "end": { "line": 311, "column": null } },
      "97": { "start": { "line": 300, "column": 24 }, "end": { "line": 300, "column": null } },
      "98": { "start": { "line": 302, "column": 10 }, "end": { "line": 304, "column": null } },
      "99": { "start": { "line": 303, "column": 12 }, "end": { "line": 303, "column": null } },
      "100": { "start": { "line": 306, "column": 10 }, "end": { "line": 310, "column": null } },
      "101": { "start": { "line": 307, "column": 12 }, "end": { "line": 307, "column": null } },
      "102": { "start": { "line": 309, "column": 12 }, "end": { "line": 309, "column": null } },
      "103": { "start": { "line": 314, "column": 25 }, "end": { "line": 315, "column": null } },
      "104": { "start": { "line": 315, "column": 8 }, "end": { "line": 315, "column": null } },
      "105": { "start": { "line": 317, "column": 6 }, "end": { "line": 320, "column": null } },
      "106": { "start": { "line": 322, "column": 6 }, "end": { "line": 322, "column": null } },
      "107": { "start": { "line": 323, "column": 6 }, "end": { "line": 323, "column": null } },
      "108": { "start": { "line": 333, "column": 2 }, "end": { "line": 359, "column": null } },
      "109": { "start": { "line": 334, "column": 10 }, "end": { "line": 334, "column": null } },
      "110": { "start": { "line": 335, "column": 19 }, "end": { "line": 339, "column": null } },
      "111": { "start": { "line": 342, "column": 25 }, "end": { "line": 342, "column": null } },
      "112": { "start": { "line": 343, "column": 17 }, "end": { "line": 346, "column": null } },
      "113": { "start": { "line": 348, "column": 4 }, "end": { "line": 348, "column": null } },
      "114": { "start": { "line": 348, "column": 21 }, "end": { "line": 348, "column": null } },
      "115": { "start": { "line": 350, "column": 4 }, "end": { "line": 355, "column": null } },
      "116": { "start": { "line": 350, "column": 37 }, "end": { "line": 355, "column": 6 } },
      "117": { "start": { "line": 357, "column": 4 }, "end": { "line": 357, "column": null } },
      "118": { "start": { "line": 358, "column": 4 }, "end": { "line": 358, "column": null } },
      "119": { "start": { "line": 367, "column": 2 }, "end": { "line": 392, "column": null } },
      "120": { "start": { "line": 368, "column": 10 }, "end": { "line": 368, "column": null } },
      "121": { "start": { "line": 369, "column": 17 }, "end": { "line": 378, "column": null } },
      "122": { "start": { "line": 380, "column": 4 }, "end": { "line": 380, "column": null } },
      "123": { "start": { "line": 380, "column": 29 }, "end": { "line": 380, "column": null } },
      "124": { "start": { "line": 382, "column": 4 }, "end": { "line": 388, "column": null } },
      "125": { "start": { "line": 382, "column": 44 }, "end": { "line": 388, "column": 6 } },
      "126": { "start": { "line": 390, "column": 4 }, "end": { "line": 390, "column": null } },
      "127": { "start": { "line": 391, "column": 4 }, "end": { "line": 391, "column": null } },
      "128": { "start": { "line": 399, "column": 2 }, "end": { "line": 399, "column": null } },
      "129": { "start": { "line": 399, "column": 46 }, "end": { "line": 399, "column": null } },
      "130": { "start": { "line": 401, "column": 2 }, "end": { "line": 428, "column": null } },
      "131": { "start": { "line": 402, "column": 10 }, "end": { "line": 402, "column": null } },
      "132": { "start": { "line": 403, "column": 21 }, "end": { "line": 403, "column": null } },
      "133": { "start": { "line": 404, "column": 4 }, "end": { "line": 404, "column": null } },
      "134": { "start": { "line": 404, "column": 48 }, "end": { "line": 404, "column": 80 } },
      "135": { "start": { "line": 408, "column": 17 }, "end": { "line": 411, "column": null } },
      "136": { "start": { "line": 413, "column": 48 }, "end": { "line": 413, "column": null } },
      "137": { "start": { "line": 414, "column": 4 }, "end": { "line": 421, "column": null } },
      "138": { "start": { "line": 415, "column": 6 }, "end": { "line": 420, "column": null } },
      "139": { "start": { "line": 417, "column": 14 }, "end": { "line": 417, "column": null } },
      "140": { "start": { "line": 417, "column": 70 }, "end": { "line": 417, "column": 77 } },
      "141": { "start": { "line": 418, "column": 24 }, "end": { "line": 418, "column": null } },
      "142": { "start": { "line": 419, "column": 8 }, "end": { "line": 419, "column": null } },
      "143": { "start": { "line": 423, "column": 4 }, "end": { "line": 423, "column": null } },
      "144": { "start": { "line": 425, "column": 4 }, "end": { "line": 425, "column": null } },
      "145": { "start": { "line": 427, "column": 4 }, "end": { "line": 427, "column": null } }
    },
    "fnMap": {
      "0": {
        "name": "fetchAvailableDates",
        "decl": { "start": { "line": 8, "column": 22 }, "end": { "line": 8, "column": 63 } },
        "loc": { "start": { "line": 8, "column": 63 }, "end": { "line": 22, "column": null } },
        "line": 8
      },
      "1": {
        "name": "(anonymous_1)",
        "decl": { "start": { "line": 21, "column": 19 }, "end": { "line": 21, "column": 20 } },
        "loc": { "start": { "line": 21, "column": 48 }, "end": { "line": 21, "column": 58 } },
        "line": 21
      },
      "2": {
        "name": "fetchBriefingData",
        "decl": { "start": { "line": 27, "column": 22 }, "end": { "line": 27, "column": 40 } },
        "loc": { "start": { "line": 27, "column": 93 }, "end": { "line": 120, "column": null } },
        "line": 27
      },
      "3": {
        "name": "(anonymous_3)",
        "decl": { "start": { "line": 45, "column": 81 }, "end": { "line": 45, "column": 82 } },
        "loc": { "start": { "line": 46, "column": 4 }, "end": { "line": 46, "column": null } },
        "line": 46
      },
      "4": {
        "name": "(anonymous_4)",
        "decl": { "start": { "line": 46, "column": 15 }, "end": { "line": 46, "column": 21 } },
        "loc": { "start": { "line": 46, "column": 21 }, "end": { "line": 46, "column": 78 } },
        "line": 46
      },
      "5": {
        "name": "(anonymous_5)",
        "decl": { "start": { "line": 80, "column": 19 }, "end": { "line": 80, "column": 20 } },
        "loc": { "start": { "line": 80, "column": 35 }, "end": { "line": 82, "column": 3 } },
        "line": 80
      },
      "6": {
        "name": "(anonymous_6)",
        "decl": { "start": { "line": 91, "column": 18 }, "end": { "line": 91, "column": 19 } },
        "loc": { "start": { "line": 91, "column": 39 }, "end": { "line": 113, "column": 3 } },
        "line": 91
      },
      "7": {
        "name": "(anonymous_7)",
        "decl": { "start": { "line": 116, "column": 37 }, "end": { "line": 116, "column": 38 } },
        "loc": { "start": { "line": 116, "column": 41 }, "end": { "line": 116, "column": 96 } },
        "line": 116
      },
      "8": {
        "name": "(anonymous_8)",
        "decl": { "start": { "line": 131, "column": 41 }, "end": { "line": 131, "column": null } },
        "loc": { "start": { "line": 133, "column": 42 }, "end": { "line": 171, "column": null } },
        "line": 133
      },
      "9": {
        "name": "fetchArticleFromFreshRSS",
        "decl": { "start": { "line": 174, "column": 22 }, "end": { "line": 174, "column": 47 } },
        "loc": { "start": { "line": 174, "column": 84 }, "end": { "line": 224, "column": null } },
        "line": 174
      },
      "10": {
        "name": "fetchArticleById",
        "decl": { "start": { "line": 226, "column": 22 }, "end": { "line": 226, "column": 39 } },
        "loc": { "start": { "line": 226, "column": 76 }, "end": { "line": 271, "column": null } },
        "line": 226
      },
      "11": {
        "name": "(anonymous_11)",
        "decl": { "start": { "line": 285, "column": 2 }, "end": { "line": 285, "column": 59 } },
        "loc": { "start": { "line": 285, "column": 59 }, "end": { "line": 325, "column": null } },
        "line": 285
      },
      "12": {
        "name": "(anonymous_12)",
        "decl": { "start": { "line": 299, "column": 26 }, "end": { "line": 299, "column": 27 } },
        "loc": { "start": { "line": 299, "column": 36 }, "end": { "line": 311, "column": 9 } },
        "line": 299
      },
      "13": {
        "name": "(anonymous_13)",
        "decl": { "start": { "line": 314, "column": 25 }, "end": { "line": 314, "column": 26 } },
        "loc": { "start": { "line": 315, "column": 8 }, "end": { "line": 315, "column": null } },
        "line": 315
      },
      "14": {
        "name": "fetchStarredArticleHeaders",
        "decl": { "start": { "line": 330, "column": 22 }, "end": { "line": 330, "column": null } },
        "loc": { "start": { "line": 332, "column": 2 }, "end": { "line": 360, "column": null } },
        "line": 332
      },
      "15": {
        "name": "(anonymous_15)",
        "decl": { "start": { "line": 350, "column": 26 }, "end": { "line": 350, "column": 27 } },
        "loc": { "start": { "line": 350, "column": 37 }, "end": { "line": 355, "column": 6 } },
        "line": 350
      },
      "16": {
        "name": "fetchSubscriptions",
        "decl": { "start": { "line": 364, "column": 22 }, "end": { "line": 364, "column": null } },
        "loc": { "start": { "line": 366, "column": 2 }, "end": { "line": 393, "column": null } },
        "line": 366
      },
      "17": {
        "name": "(anonymous_17)",
        "decl": { "start": { "line": 382, "column": 34 }, "end": { "line": 382, "column": 35 } },
        "loc": { "start": { "line": 382, "column": 44 }, "end": { "line": 388, "column": 6 } },
        "line": 382
      },
      "18": {
        "name": "fetchArticleStatesServer",
        "decl": { "start": { "line": 396, "column": 22 }, "end": { "line": 396, "column": null } },
        "loc": { "start": { "line": 398, "column": 40 }, "end": { "line": 429, "column": null } },
        "line": 398
      },
      "19": {
        "name": "(anonymous_19)",
        "decl": { "start": { "line": 404, "column": 23 }, "end": { "line": 404, "column": 24 } },
        "loc": { "start": { "line": 404, "column": 48 }, "end": { "line": 404, "column": 80 } },
        "line": 404
      },
      "20": {
        "name": "(anonymous_20)",
        "decl": { "start": { "line": 415, "column": 25 }, "end": { "line": 415, "column": 26 } },
        "loc": { "start": { "line": 415, "column": 49 }, "end": { "line": 420, "column": 7 } },
        "line": 415
      },
      "21": {
        "name": "(anonymous_21)",
        "decl": { "start": { "line": 417, "column": 60 }, "end": { "line": 417, "column": 61 } },
        "loc": { "start": { "line": 417, "column": 70 }, "end": { "line": 417, "column": 77 } },
        "line": 417
      }
    },
    "branchMap": {
      "0": {
        "loc": { "start": { "line": 15, "column": 2 }, "end": { "line": 18, "column": null } },
        "type": "if",
        "locations": [
          { "start": { "line": 15, "column": 2 }, "end": { "line": 18, "column": null } },
          { "start": {}, "end": {} }
        ],
        "line": 15
      },
      "1": {
        "loc": { "start": { "line": 21, "column": 9 }, "end": { "line": 21, "column": null } },
        "type": "binary-expr",
        "locations": [
          { "start": { "line": 21, "column": 9 }, "end": { "line": 21, "column": 63 } },
          { "start": { "line": 21, "column": 63 }, "end": { "line": 21, "column": null } }
        ],
        "line": 21
      },
      "2": {
        "loc": { "start": { "line": 31, "column": 2 }, "end": { "line": 34, "column": null } },
        "type": "if",
        "locations": [
          { "start": { "line": 31, "column": 2 }, "end": { "line": 34, "column": null } },
          { "start": {}, "end": {} }
        ],
        "line": 31
      },
      "3": {
        "loc": { "start": { "line": 70, "column": 2 }, "end": { "line": 73, "column": null } },
        "type": "if",
        "locations": [
          { "start": { "line": 70, "column": 2 }, "end": { "line": 73, "column": null } },
          { "start": {}, "end": {} }
        ],
        "line": 70
      },
      "4": {
        "loc": { "start": { "line": 75, "column": 2 }, "end": { "line": 77, "column": null } },
        "type": "if",
        "locations": [
          { "start": { "line": 75, "column": 2 }, "end": { "line": 77, "column": null } },
          { "start": {}, "end": {} }
        ],
        "line": 75
      },
      "5": {
        "loc": { "start": { "line": 75, "column": 6 }, "end": { "line": 75, "column": 42 } },
        "type": "binary-expr",
        "locations": [
          { "start": { "line": 75, "column": 6 }, "end": { "line": 75, "column": 19 } },
          { "start": { "line": 75, "column": 19 }, "end": { "line": 75, "column": 42 } }
        ],
        "line": 75
      },
      "6": {
        "loc": { "start": { "line": 97, "column": 8 }, "end": { "line": 97, "column": null } },
        "type": "binary-expr",
        "locations": [
          { "start": { "line": 97, "column": 8 }, "end": { "line": 97, "column": 42 } },
          { "start": { "line": 97, "column": 42 }, "end": { "line": 97, "column": 72 } },
          { "start": { "line": 97, "column": 72 }, "end": { "line": 97, "column": null } }
        ],
        "line": 97
      },
      "7": {
        "loc": { "start": { "line": 98, "column": 18 }, "end": { "line": 98, "column": null } },
        "type": "binary-expr",
        "locations": [
          { "start": { "line": 98, "column": 18 }, "end": { "line": 98, "column": 44 } },
          { "start": { "line": 98, "column": 44 }, "end": { "line": 98, "column": 69 } },
          { "start": { "line": 98, "column": 69 }, "end": { "line": 98, "column": null } }
        ],
        "line": 98
      },
      "8": {
        "loc": { "start": { "line": 107, "column": 4 }, "end": { "line": 112, "column": null } },
        "type": "if",
        "locations": [
          { "start": { "line": 107, "column": 4 }, "end": { "line": 112, "column": null } },
          { "start": { "line": 109, "column": 11 }, "end": { "line": 112, "column": null } }
        ],
        "line": 107
      },
      "9": {
        "loc": { "start": { "line": 116, "column": 48 }, "end": { "line": 116, "column": 74 } },
        "type": "binary-expr",
        "locations": [
          { "start": { "line": 116, "column": 48 }, "end": { "line": 116, "column": 68 } },
          { "start": { "line": 116, "column": 68 }, "end": { "line": 116, "column": 74 } }
        ],
        "line": 116
      },
      "10": {
        "loc": { "start": { "line": 116, "column": 74 }, "end": { "line": 116, "column": 96 } },
        "type": "binary-expr",
        "locations": [
          { "start": { "line": 116, "column": 74 }, "end": { "line": 116, "column": 94 } },
          { "start": { "line": 116, "column": 94 }, "end": { "line": 116, "column": 96 } }
        ],
        "line": 116
      },
      "11": {
        "loc": { "start": { "line": 143, "column": 4 }, "end": { "line": 145, "column": null } },
        "type": "if",
        "locations": [
          { "start": { "line": 143, "column": 4 }, "end": { "line": 145, "column": null } },
          { "start": {}, "end": {} }
        ],
        "line": 143
      },
      "12": {
        "loc": { "start": { "line": 143, "column": 8 }, "end": { "line": 143, "column": 48 } },
        "type": "binary-expr",
        "locations": [
          { "start": { "line": 143, "column": 8 }, "end": { "line": 143, "column": 23 } },
          { "start": { "line": 143, "column": 23 }, "end": { "line": 143, "column": 48 } }
        ],
        "line": 143
      },
      "13": {
        "loc": { "start": { "line": 148, "column": 24 }, "end": { "line": 148, "column": null } },
        "type": "binary-expr",
        "locations": [
          { "start": { "line": 148, "column": 24 }, "end": { "line": 148, "column": 49 } },
          { "start": { "line": 148, "column": 49 }, "end": { "line": 148, "column": 74 } },
          { "start": { "line": 148, "column": 74 }, "end": { "line": 148, "column": null } }
        ],
        "line": 148
      },
      "14": {
        "loc": { "start": { "line": 150, "column": 6 }, "end": { "line": 151, "column": null } },
        "type": "binary-expr",
        "locations": [
          { "start": { "line": 150, "column": 6 }, "end": { "line": 150, "column": null } },
          { "start": { "line": 151, "column": 7 }, "end": { "line": 151, "column": null } }
        ],
        "line": 150
      },
      "15": {
        "loc": { "start": { "line": 151, "column": 7 }, "end": { "line": 151, "column": null } },
        "type": "cond-expr",
        "locations": [
          { "start": { "line": 151, "column": 35 }, "end": { "line": 151, "column": 78 } },
          { "start": { "line": 151, "column": 78 }, "end": { "line": 151, "column": null } }
        ],
        "line": 151
      },
      "16": {
        "loc": { "start": { "line": 158, "column": 55 }, "end": { "line": 158, "column": 66 } },
        "type": "binary-expr",
        "locations": [
          { "start": { "line": 158, "column": 55 }, "end": { "line": 158, "column": 64 } },
          { "start": { "line": 158, "column": 64 }, "end": { "line": 158, "column": 66 } }
        ],
        "line": 158
      },
      "17": {
        "loc": { "start": { "line": 186, "column": 4 }, "end": { "line": 188, "column": null } },
        "type": "if",
        "locations": [
          { "start": { "line": 186, "column": 4 }, "end": { "line": 188, "column": null } },
          { "start": {}, "end": {} }
        ],
        "line": 186
      },
      "18": {
        "loc": { "start": { "line": 186, "column": 8 }, "end": { "line": 186, "column": 48 } },
        "type": "binary-expr",
        "locations": [
          { "start": { "line": 186, "column": 8 }, "end": { "line": 186, "column": 23 } },
          { "start": { "line": 186, "column": 23 }, "end": { "line": 186, "column": 48 } }
        ],
        "line": 186
      },
      "19": {
        "loc": { "start": { "line": 198, "column": 12 }, "end": { "line": 198, "column": null } },
        "type": "binary-expr",
        "locations": [
          { "start": { "line": 198, "column": 12 }, "end": { "line": 198, "column": 41 } },
          { "start": { "line": 198, "column": 41 }, "end": { "line": 198, "column": null } }
        ],
        "line": 198
      },
      "20": {
        "loc": { "start": { "line": 199, "column": 18 }, "end": { "line": 199, "column": null } },
        "type": "binary-expr",
        "locations": [
          { "start": { "line": 199, "column": 18 }, "end": { "line": 199, "column": 40 } },
          { "start": { "line": 199, "column": 40 }, "end": { "line": 199, "column": null } }
        ],
        "line": 199
      },
      "21": {
        "loc": { "start": { "line": 211, "column": 15 }, "end": { "line": 211, "column": null } },
        "type": "binary-expr",
        "locations": [
          { "start": { "line": 211, "column": 15 }, "end": { "line": 211, "column": 40 } },
          { "start": { "line": 211, "column": 40 }, "end": { "line": 211, "column": null } }
        ],
        "line": 211
      },
      "22": {
        "loc": { "start": { "line": 216, "column": 13 }, "end": { "line": 216, "column": null } },
        "type": "binary-expr",
        "locations": [
          { "start": { "line": 216, "column": 13 }, "end": { "line": 216, "column": 32 } },
          { "start": { "line": 216, "column": 32 }, "end": { "line": 216, "column": null } }
        ],
        "line": 216
      },
      "23": {
        "loc": { "start": { "line": 235, "column": 2 }, "end": { "line": 261, "column": null } },
        "type": "if",
        "locations": [
          { "start": { "line": 235, "column": 2 }, "end": { "line": 261, "column": null } },
          { "start": {}, "end": {} }
        ],
        "line": 235
      },
      "24": {
        "loc": { "start": { "line": 235, "column": 6 }, "end": { "line": 235, "column": 22 } },
        "type": "binary-expr",
        "locations": [
          { "start": { "line": 235, "column": 6 }, "end": { "line": 235, "column": 15 } },
          { "start": { "line": 235, "column": 15 }, "end": { "line": 235, "column": 22 } }
        ],
        "line": 235
      },
      "25": {
        "loc": { "start": { "line": 241, "column": 4 }, "end": { "line": 243, "column": null } },
        "type": "if",
        "locations": [
          { "start": { "line": 241, "column": 4 }, "end": { "line": 243, "column": null } },
          { "start": {}, "end": {} }
        ],
        "line": 241
      },
      "26": {
        "loc": { "start": { "line": 247, "column": 4 }, "end": { "line": 255, "column": null } },
        "type": "if",
        "locations": [
          { "start": { "line": 247, "column": 4 }, "end": { "line": 255, "column": null } },
          { "start": {}, "end": {} }
        ],
        "line": 247
      },
      "27": {
        "loc": { "start": { "line": 254, "column": 6 }, "end": { "line": 254, "column": null } },
        "type": "if",
        "locations": [
          { "start": { "line": 254, "column": 6 }, "end": { "line": 254, "column": null } },
          { "start": {}, "end": {} }
        ],
        "line": 254
      },
      "28": {
        "loc": { "start": { "line": 257, "column": 4 }, "end": { "line": 259, "column": null } },
        "type": "if",
        "locations": [
          { "start": { "line": 257, "column": 4 }, "end": { "line": 259, "column": null } },
          { "start": {}, "end": {} }
        ],
        "line": 257
      },
      "29": {
        "loc": { "start": { "line": 298, "column": 6 }, "end": { "line": 312, "column": null } },
        "type": "if",
        "locations": [
          { "start": { "line": 298, "column": 6 }, "end": { "line": 312, "column": null } },
          { "start": {}, "end": {} }
        ],
        "line": 298
      },
      "30": {
        "loc": { "start": { "line": 300, "column": 43 }, "end": { "line": 300, "column": 73 } },
        "type": "binary-expr",
        "locations": [
          { "start": { "line": 300, "column": 43 }, "end": { "line": 300, "column": 71 } },
          { "start": { "line": 300, "column": 71 }, "end": { "line": 300, "column": 73 } }
        ],
        "line": 300
      },
      "31": {
        "loc": { "start": { "line": 302, "column": 10 }, "end": { "line": 304, "column": null } },
        "type": "if",
        "locations": [
          { "start": { "line": 302, "column": 10 }, "end": { "line": 304, "column": null } },
          { "start": {}, "end": {} }
        ],
        "line": 302
      },
      "32": {
        "loc": { "start": { "line": 302, "column": 14 }, "end": { "line": 302, "column": 98 } },
        "type": "binary-expr",
        "locations": [
          { "start": { "line": 302, "column": 14 }, "end": { "line": 302, "column": 56 } },
          { "start": { "line": 302, "column": 56 }, "end": { "line": 302, "column": 98 } }
        ],
        "line": 302
      },
      "33": {
        "loc": { "start": { "line": 306, "column": 10 }, "end": { "line": 310, "column": null } },
        "type": "if",
        "locations": [
          { "start": { "line": 306, "column": 10 }, "end": { "line": 310, "column": null } },
          { "start": { "line": 308, "column": 17 }, "end": { "line": 310, "column": null } }
        ],
        "line": 306
      },
      "34": {
        "loc": { "start": { "line": 348, "column": 4 }, "end": { "line": 348, "column": null } },
        "type": "if",
        "locations": [
          { "start": { "line": 348, "column": 4 }, "end": { "line": 348, "column": null } },
          { "start": {}, "end": {} }
        ],
        "line": 348
      },
      "35": {
        "loc": { "start": { "line": 352, "column": 13 }, "end": { "line": 352, "column": null } },
        "type": "binary-expr",
        "locations": [
          { "start": { "line": 352, "column": 13 }, "end": { "line": 352, "column": 27 } },
          { "start": { "line": 352, "column": 27 }, "end": { "line": 352, "column": null } }
        ],
        "line": 352
      },
      "36": {
        "loc": { "start": { "line": 354, "column": 36 }, "end": { "line": 354, "column": 60 } },
        "type": "binary-expr",
        "locations": [
          { "start": { "line": 354, "column": 36 }, "end": { "line": 354, "column": 55 } },
          { "start": { "line": 354, "column": 55 }, "end": { "line": 354, "column": 60 } }
        ],
        "line": 354
      },
      "37": {
        "loc": { "start": { "line": 380, "column": 4 }, "end": { "line": 380, "column": null } },
        "type": "if",
        "locations": [
          { "start": { "line": 380, "column": 4 }, "end": { "line": 380, "column": null } },
          { "start": {}, "end": {} }
        ],
        "line": 380
      },
      "38": {
        "loc": { "start": { "line": 399, "column": 2 }, "end": { "line": 399, "column": null } },
        "type": "if",
        "locations": [
          { "start": { "line": 399, "column": 2 }, "end": { "line": 399, "column": null } },
          { "start": {}, "end": {} }
        ],
        "line": 399
      },
      "39": {
        "loc": { "start": { "line": 399, "column": 6 }, "end": { "line": 399, "column": 46 } },
        "type": "binary-expr",
        "locations": [
          { "start": { "line": 399, "column": 6 }, "end": { "line": 399, "column": 21 } },
          { "start": { "line": 399, "column": 21 }, "end": { "line": 399, "column": 46 } }
        ],
        "line": 399
      },
      "40": {
        "loc": { "start": { "line": 414, "column": 4 }, "end": { "line": 421, "column": null } },
        "type": "if",
        "locations": [
          { "start": { "line": 414, "column": 4 }, "end": { "line": 421, "column": null } },
          { "start": {}, "end": {} }
        ],
        "line": 414
      },
      "41": {
        "loc": { "start": { "line": 417, "column": 32 }, "end": { "line": 417, "column": 56 } },
        "type": "binary-expr",
        "locations": [
          { "start": { "line": 417, "column": 32 }, "end": { "line": 417, "column": 52 } },
          { "start": { "line": 417, "column": 52 }, "end": { "line": 417, "column": 56 } }
        ],
        "line": 417
      },
      "42": {
        "loc": { "start": { "line": 418, "column": 29 }, "end": { "line": 418, "column": 53 } },
        "type": "binary-expr",
        "locations": [
          { "start": { "line": 418, "column": 29 }, "end": { "line": 418, "column": 48 } },
          { "start": { "line": 418, "column": 48 }, "end": { "line": 418, "column": 53 } }
        ],
        "line": 418
      }
    },
    "s": {
      "0": 0,
      "1": 0,
      "2": 0,
      "3": 0,
      "4": 0,
      "5": 0,
      "6": 0,
      "7": 1,
      "8": 1,
      "9": 0,
      "10": 0,
      "11": 1,
      "12": 1,
      "13": 1,
      "14": 1,
      "15": 1,
      "16": 0,
      "17": 1,
      "18": 1,
      "19": 1,
      "20": 1,
      "21": 1,
      "22": 0,
      "23": 0,
      "24": 1,
      "25": 0,
      "26": 0,
      "27": 1,
      "28": 1,
      "29": 0,
      "30": 0,
      "31": 0,
      "32": 0,
      "33": 0,
      "34": 0,
      "35": 0,
      "36": 0,
      "37": 0,
      "38": 0,
      "39": 0,
      "40": 0,
      "41": 0,
      "42": 0,
      "43": 0,
      "44": 1,
      "45": 0,
      "46": 0,
      "47": 0,
      "48": 0,
      "49": 0,
      "50": 0,
      "51": 0,
      "52": 0,
      "53": 0,
      "54": 0,
      "55": 0,
      "56": 0,
      "57": 0,
      "58": 0,
      "59": 0,
      "60": 0,
      "61": 2,
      "62": 2,
      "63": 2,
      "64": 2,
      "65": 2,
      "66": 2,
      "67": 1,
      "68": 1,
      "69": 1,
      "70": 2,
      "71": 0,
      "72": 0,
      "73": 3,
      "74": 3,
      "75": 3,
      "76": 3,
      "77": 2,
      "78": 2,
      "79": 2,
      "80": 1,
      "81": 1,
      "82": 1,
      "83": 1,
      "84": 0,
      "85": 1,
      "86": 1,
      "87": 1,
      "88": 1,
      "89": 1,
      "90": 0,
      "91": 0,
      "92": 0,
      "93": 0,
      "94": 0,
      "95": 0,
      "96": 0,
      "97": 0,
      "98": 0,
      "99": 0,
      "100": 0,
      "101": 0,
      "102": 0,
      "103": 0,
      "104": 0,
      "105": 0,
      "106": 0,
      "107": 0,
      "108": 0,
      "109": 0,
      "110": 0,
      "111": 0,
      "112": 0,
      "113": 0,
      "114": 0,
      "115": 0,
      "116": 0,
      "117": 0,
      "118": 0,
      "119": 0,
      "120": 0,
      "121": 0,
      "122": 0,
      "123": 0,
      "124": 0,
      "125": 0,
      "126": 0,
      "127": 0,
      "128": 0,
      "129": 0,
      "130": 0,
      "131": 0,
      "132": 0,
      "133": 0,
      "134": 0,
      "135": 0,
      "136": 0,
      "137": 0,
      "138": 0,
      "139": 0,
      "140": 0,
      "141": 0,
      "142": 0,
      "143": 0,
      "144": 0,
      "145": 0
    },
    "f": {
      "0": 0,
      "1": 0,
      "2": 1,
      "3": 1,
      "4": 0,
      "5": 0,
      "6": 0,
      "7": 0,
      "8": 0,
      "9": 2,
      "10": 3,
      "11": 0,
      "12": 0,
      "13": 0,
      "14": 0,
      "15": 0,
      "16": 0,
      "17": 0,
      "18": 0,
      "19": 0,
      "20": 0,
      "21": 0
    },
    "b": {
      "0": [0, 0],
      "1": [0, 0],
      "2": [0, 1],
      "3": [0, 1],
      "4": [1, 0],
      "5": [1, 1],
      "6": [0, 0, 0],
      "7": [0, 0, 0],
      "8": [0, 0],
      "9": [0, 0],
      "10": [0, 0],
      "11": [0, 0],
      "12": [0, 0],
      "13": [0, 0, 0],
      "14": [0, 0],
      "15": [0, 0],
      "16": [0, 0],
      "17": [1, 1],
      "18": [2, 2],
      "19": [1, 1],
      "20": [2, 0],
      "21": [2, 1],
      "22": [2, 1],
      "23": [2, 1],
      "24": [3, 1],
      "25": [1, 1],
      "26": [1, 0],
      "27": [0, 1],
      "28": [1, 0],
      "29": [0, 0],
      "30": [0, 0],
      "31": [0, 0],
      "32": [0, 0],
      "33": [0, 0],
      "34": [0, 0],
      "35": [0, 0],
      "36": [0, 0],
      "37": [0, 0],
      "38": [0, 0],
      "39": [0, 0],
      "40": [0, 0],
      "41": [0, 0],
      "42": [0, 0]
    },
    "meta": {
      "lastBranch": 43,
      "lastFunction": 22,
      "lastStatement": 146,
      "seen": {
        "f:8:22:8:63": 0,
        "s:9:8:9:Infinity": 0,
        "s:13:26:13:Infinity": 1,
        "b:15:2:18:Infinity:undefined:undefined:undefined:undefined": 0,
        "s:15:2:18:Infinity": 2,
        "s:16:4:16:Infinity": 3,
        "s:17:4:17:Infinity": 4,
        "s:21:2:21:Infinity": 5,
        "b:21:9:21:63:21:63:21:Infinity": 1,
        "f:21:19:21:20": 1,
        "s:21:48:21:58": 6,
        "f:27:22:27:40": 2,
        "s:28:8:28:Infinity": 7,
        "b:31:2:34:Infinity:undefined:undefined:undefined:undefined": 2,
        "s:31:2:34:Infinity": 8,
        "s:32:4:32:Infinity": 9,
        "s:33:4:33:Infinity": 10,
        "s:36:29:36:Infinity": 11,
        "s:41:20:41:Infinity": 12,
        "s:42:18:42:Infinity": 13,
        "s:45:25:47:Infinity": 14,
        "f:45:81:45:82": 3,
        "s:46:4:46:Infinity": 15,
        "f:46:15:46:21": 4,
        "s:46:21:46:78": 16,
        "s:49:22:53:Infinity": 17,
        "s:56:2:68:Infinity": 18,
        "s:57:19:57:Infinity": 19,
        "s:59:4:59:Infinity": 20,
        "s:60:4:60:Infinity": 21,
        "s:62:4:62:Infinity": 22,
        "s:63:4:63:Infinity": 23,
        "b:70:2:73:Infinity:undefined:undefined:undefined:undefined": 3,
        "s:70:2:73:Infinity": 24,
        "s:71:4:71:Infinity": 25,
        "s:72:4:72:Infinity": 26,
        "b:75:2:77:Infinity:undefined:undefined:undefined:undefined": 4,
        "s:75:2:77:Infinity": 27,
        "b:75:6:75:19:75:19:75:42": 5,
        "s:76:4:76:Infinity": 28,
        "s:79:21:79:Infinity": 29,
        "s:80:2:82:Infinity": 30,
        "f:80:19:80:20": 5,
        "s:81:4:81:Infinity": 31,
        "s:83:18:83:Infinity": 32,
        "s:85:56:89:Infinity": 33,
        "s:91:2:113:Infinity": 34,
        "f:91:18:91:19": 6,
        "s:94:29:104:Infinity": 35,
        "b:97:8:97:42:97:42:97:72:97:72:97:Infinity": 6,
        "b:98:18:98:44:98:44:98:69:98:69:98:Infinity": 7,
        "s:106:23:106:Infinity": 36,
        "b:107:4:112:Infinity:109:11:112:Infinity": 8,
        "s:107:4:112:Infinity": 37,
        "s:108:6:108:Infinity": 38,
        "s:111:6:111:Infinity": 39,
        "s:115:2:117:Infinity": 40,
        "s:116:4:116:Infinity": 41,
        "f:116:37:116:38": 7,
        "s:116:41:116:96": 42,
        "b:116:48:116:68:116:68:116:74": 9,
        "b:116:74:116:94:116:94:116:96": 10,
        "s:119:2:119:Infinity": 43,
        "s:131:41:171:Infinity": 44,
        "f:131:41:131:Infinity": 8,
        "s:134:2:170:Infinity": 45,
        "s:135:10:135:Infinity": 46,
        "s:136:20:136:Infinity": 47,
        "s:138:17:141:Infinity": 48,
        "b:143:4:145:Infinity:undefined:undefined:undefined:undefined": 11,
        "s:143:4:145:Infinity": 49,
        "b:143:8:143:23:143:23:143:48": 12,
        "s:144:6:144:Infinity": 50,
        "s:147:17:147:Infinity": 51,
        "s:148:24:148:Infinity": 52,
        "b:148:24:148:49:148:49:148:74:148:74:148:Infinity": 13,
        "s:150:6:151:Infinity": 53,
        "b:150:6:150:Infinity:151:7:151:Infinity": 14,
        "b:151:35:151:78:151:78:151:Infinity": 15,
        "s:152:18:152:Infinity": 54,
        "s:158:10:158:Infinity": 55,
        "b:158:55:158:64:158:64:158:66": 16,
        "s:159:10:159:Infinity": 56,
        "s:160:10:160:Infinity": 57,
        "s:162:4:166:Infinity": 58,
        "s:168:4:168:Infinity": 59,
        "s:169:4:169:Infinity": 60,
        "f:174:22:174:47": 9,
        "s:175:2:223:Infinity": 61,
        "s:176:10:176:Infinity": 62,
        "s:177:10:177:Infinity": 63,
        "s:178:20:178:Infinity": 64,
        "s:181:17:184:Infinity": 65,
        "b:186:4:188:Infinity:undefined:undefined:undefined:undefined": 17,
        "s:186:4:188:Infinity": 66,
        "b:186:8:186:23:186:23:186:48": 18,
        "s:187:6:187:Infinity": 67,
        "s:190:17:190:Infinity": 68,
        "s:194:29:217:Infinity": 69,
        "b:198:12:198:41:198:41:198:Infinity": 19,
        "b:199:18:199:40:199:40:199:Infinity": 20,
        "b:211:15:211:40:211:40:211:Infinity": 21,
        "b:216:13:216:32:216:32:216:Infinity": 22,
        "s:219:4:219:Infinity": 70,
        "s:221:4:221:Infinity": 71,
        "s:222:4:222:Infinity": 72,
        "f:226:22:226:39": 10,
        "s:227:8:227:Infinity": 73,
        "s:231:8:231:Infinity": 74,
        "s:233:26:233:Infinity": 75,
        "b:235:2:261:Infinity:undefined:undefined:undefined:undefined": 23,
        "s:235:2:261:Infinity": 76,
        "b:235:6:235:15:235:15:235:22": 24,
        "s:236:4:236:Infinity": 77,
        "s:239:28:239:Infinity": 78,
        "b:241:4:243:Infinity:undefined:undefined:undefined:undefined": 25,
        "s:241:4:243:Infinity": 79,
        "s:242:6:242:Infinity": 80,
        "b:247:4:255:Infinity:undefined:undefined:undefined:undefined": 26,
        "s:247:4:255:Infinity": 81,
        "s:248:53:252:Infinity": 82,
        "b:254:6:254:Infinity:undefined:undefined:undefined:undefined": 27,
        "s:254:6:254:Infinity": 83,
        "s:254:23:254:Infinity": 84,
        "b:257:4:259:Infinity:undefined:undefined:undefined:undefined": 28,
        "s:257:4:259:Infinity": 85,
        "s:258:6:258:Infinity": 86,
        "s:260:4:260:Infinity": 87,
        "s:264:2:270:Infinity": 88,
        "s:284:13:328:Infinity": 89,
        "f:285:2:285:59": 11,
        "s:286:4:324:Infinity": 90,
        "s:287:12:287:Infinity": 91,
        "s:290:19:293:Infinity": 92,
        "s:295:32:295:Infinity": 93,
        "s:296:26:296:Infinity": 94,
        "b:298:6:312:Infinity:undefined:undefined:undefined:undefined": 29,
        "s:298:6:312:Infinity": 95,
        "s:299:8:311:Infinity": 96,
        "f:299:26:299:27": 12,
        "s:300:24:300:Infinity": 97,
        "b:300:43:300:71:300:71:300:73": 30,
        "b:302:10:304:Infinity:undefined:undefined:undefined:undefined": 31,
        "s:302:10:304:Infinity": 98,
        "b:302:14:302:56:302:56:302:98": 32,
        "s:303:12:303:Infinity": 99,
        "b:306:10:310:Infinity:308:17:310:Infinity": 33,
        "s:306:10:310:Infinity": 100,
        "s:307:12:307:Infinity": 101,
        "s:309:12:309:Infinity": 102,
        "s:314:25:315:Infinity": 103,
        "f:314:25:314:26": 13,
        "s:315:8:315:Infinity": 104,
        "s:317:6:320:Infinity": 105,
        "s:322:6:322:Infinity": 106,
        "s:323:6:323:Infinity": 107,
        "f:330:22:330:Infinity": 14,
        "s:333:2:359:Infinity": 108,
        "s:334:10:334:Infinity": 109,
        "s:335:19:339:Infinity": 110,
        "s:342:25:342:Infinity": 111,
        "s:343:17:346:Infinity": 112,
        "b:348:4:348:Infinity:undefined:undefined:undefined:undefined": 34,
        "s:348:4:348:Infinity": 113,
        "s:348:21:348:Infinity": 114,
        "s:350:4:355:Infinity": 115,
        "f:350:26:350:27": 15,
        "s:350:37:355:6": 116,
        "b:352:13:352:27:352:27:352:Infinity": 35,
        "b:354:36:354:55:354:55:354:60": 36,
        "s:357:4:357:Infinity": 117,
        "s:358:4:358:Infinity": 118,
        "f:364:22:364:Infinity": 16,
        "s:367:2:392:Infinity": 119,
        "s:368:10:368:Infinity": 120,
        "s:369:17:378:Infinity": 121,
        "b:380:4:380:Infinity:undefined:undefined:undefined:undefined": 37,
        "s:380:4:380:Infinity": 122,
        "s:380:29:380:Infinity": 123,
        "s:382:4:388:Infinity": 124,
        "f:382:34:382:35": 17,
        "s:382:44:388:6": 125,
        "s:390:4:390:Infinity": 126,
        "s:391:4:391:Infinity": 127,
        "f:396:22:396:Infinity": 18,
        "b:399:2:399:Infinity:undefined:undefined:undefined:undefined": 38,
        "s:399:2:399:Infinity": 128,
        "b:399:6:399:21:399:21:399:46": 39,
        "s:399:46:399:Infinity": 129,
        "s:401:2:428:Infinity": 130,
        "s:402:10:402:Infinity": 131,
        "s:403:21:403:Infinity": 132,
        "s:404:4:404:Infinity": 133,
        "f:404:23:404:24": 19,
        "s:404:48:404:80": 134,
        "s:408:17:411:Infinity": 135,
        "s:413:48:413:Infinity": 136,
        "b:414:4:421:Infinity:undefined:undefined:undefined:undefined": 40,
        "s:414:4:421:Infinity": 137,
        "s:415:6:420:Infinity": 138,
        "f:415:25:415:26": 20,
        "s:417:14:417:Infinity": 139,
        "b:417:32:417:52:417:52:417:56": 41,
        "f:417:60:417:61": 21,
        "s:417:70:417:77": 140,
        "s:418:24:418:Infinity": 141,
        "b:418:29:418:48:418:48:418:53": 42,
        "s:419:8:419:Infinity": 142,
        "s:423:4:423:Infinity": 143,
        "s:425:4:425:Infinity": 144,
        "s:427:4:427:Infinity": 145
      }
    }
  },
  "/Users/Alok/alok-rss-daily/lib/server/mappers.ts": {
    "path": "/Users/Alok/alok-rss-daily/lib/server/mappers.ts",
    "statementMap": {
      "0": { "start": { "line": 4, "column": 8 }, "end": { "line": 6, "column": null } },
      "1": { "start": { "line": 5, "column": 35 }, "end": { "line": 5, "column": 42 } },
      "2": { "start": { "line": 8, "column": 18 }, "end": { "line": 8, "column": null } },
      "3": { "start": { "line": 10, "column": 2 }, "end": { "line": 28, "column": null } }
    },
    "fnMap": {
      "0": {
        "name": "mapFreshItemToMinimalArticle",
        "decl": { "start": { "line": 3, "column": 16 }, "end": { "line": 3, "column": 45 } },
        "loc": { "start": { "line": 3, "column": 74 }, "end": { "line": 29, "column": null } },
        "line": 3
      },
      "1": {
        "name": "(anonymous_1)",
        "decl": { "start": { "line": 5, "column": 9 }, "end": { "line": 5, "column": 10 } },
        "loc": { "start": { "line": 5, "column": 35 }, "end": { "line": 5, "column": 42 } },
        "line": 5
      }
    },
    "branchMap": {
      "0": {
        "loc": { "start": { "line": 4, "column": 26 }, "end": { "line": 4, "column": null } },
        "type": "binary-expr",
        "locations": [
          { "start": { "line": 4, "column": 26 }, "end": { "line": 4, "column": 46 } },
          { "start": { "line": 4, "column": 46 }, "end": { "line": 4, "column": null } }
        ],
        "line": 4
      },
      "1": {
        "loc": { "start": { "line": 8, "column": 23 }, "end": { "line": 8, "column": 79 } },
        "type": "cond-expr",
        "locations": [
          { "start": { "line": 8, "column": 56 }, "end": { "line": 8, "column": 74 } },
          { "start": { "line": 8, "column": 74 }, "end": { "line": 8, "column": 79 } }
        ],
        "line": 8
      },
      "2": {
        "loc": { "start": { "line": 11, "column": 8 }, "end": { "line": 11, "column": null } },
        "type": "binary-expr",
        "locations": [
          { "start": { "line": 11, "column": 8 }, "end": { "line": 11, "column": 19 } },
          { "start": { "line": 11, "column": 19 }, "end": { "line": 11, "column": null } }
        ],
        "line": 11
      },
      "3": {
        "loc": { "start": { "line": 12, "column": 11 }, "end": { "line": 12, "column": null } },
        "type": "binary-expr",
        "locations": [
          { "start": { "line": 12, "column": 11 }, "end": { "line": 12, "column": 25 } },
          { "start": { "line": 12, "column": 25 }, "end": { "line": 12, "column": null } }
        ],
        "line": 12
      },
      "4": {
        "loc": { "start": { "line": 13, "column": 10 }, "end": { "line": 13, "column": null } },
        "type": "binary-expr",
        "locations": [
          { "start": { "line": 13, "column": 10 }, "end": { "line": 13, "column": 39 } },
          { "start": { "line": 13, "column": 39 }, "end": { "line": 13, "column": null } }
        ],
        "line": 13
      },
      "5": {
        "loc": { "start": { "line": 14, "column": 16 }, "end": { "line": 14, "column": null } },
        "type": "binary-expr",
        "locations": [
          { "start": { "line": 14, "column": 16 }, "end": { "line": 14, "column": 38 } },
          { "start": { "line": 14, "column": 38 }, "end": { "line": 14, "column": null } }
        ],
        "line": 14
      }
    },
    "s": { "0": 3, "1": 1, "2": 3, "3": 3 },
    "f": { "0": 3, "1": 1 },
    "b": { "0": [3, 1], "1": [2, 1], "2": [3, 0], "3": [3, 1], "4": [3, 2], "5": [3, 2] },
    "meta": {
      "lastBranch": 6,
      "lastFunction": 2,
      "lastStatement": 4,
      "seen": {
        "f:3:16:3:45": 0,
        "s:4:8:6:Infinity": 0,
        "b:4:26:4:46:4:46:4:Infinity": 0,
        "f:5:9:5:10": 1,
        "s:5:35:5:42": 1,
        "s:8:18:8:Infinity": 2,
        "b:8:56:8:74:8:74:8:79": 1,
        "s:10:2:28:Infinity": 3,
        "b:11:8:11:19:11:19:11:Infinity": 2,
        "b:12:11:12:25:12:25:12:Infinity": 3,
        "b:13:10:13:39:13:39:13:Infinity": 4,
        "b:14:16:14:38:14:38:14:Infinity": 5
      }
    }
  },
  "/Users/Alok/alok-rss-daily/store/articleStore.ts": {
    "path": "/Users/Alok/alok-rss-daily/store/articleStore.ts",
    "statementMap": {
      "0": { "start": { "line": 21, "column": 13 }, "end": { "line": 96, "column": null } },
      "1": { "start": { "line": 21, "column": 72 }, "end": { "line": 96, "column": 2 } },
      "2": { "start": { "line": 27, "column": 4 }, "end": { "line": 27, "column": null } },
      "3": { "start": { "line": 27, "column": 44 }, "end": { "line": 27, "column": null } },
      "4": { "start": { "line": 28, "column": 4 }, "end": { "line": 34, "column": null } },
      "5": { "start": { "line": 29, "column": 30 }, "end": { "line": 29, "column": null } },
      "6": { "start": { "line": 30, "column": 6 }, "end": { "line": 32, "column": null } },
      "7": { "start": { "line": 31, "column": 8 }, "end": { "line": 31, "column": null } },
      "8": { "start": { "line": 33, "column": 6 }, "end": { "line": 33, "column": null } },
      "9": { "start": { "line": 38, "column": 23 }, "end": { "line": 38, "column": null } },
      "10": { "start": { "line": 39, "column": 23 }, "end": { "line": 39, "column": null } },
      "11": { "start": { "line": 40, "column": 25 }, "end": { "line": 40, "column": null } },
      "12": { "start": { "line": 42, "column": 4 }, "end": { "line": 66, "column": null } },
      "13": { "start": { "line": 43, "column": 30 }, "end": { "line": 43, "column": null } },
      "14": { "start": { "line": 44, "column": 33 }, "end": { "line": 44, "column": null } },
      "15": { "start": { "line": 45, "column": 6 }, "end": { "line": 49, "column": null } },
      "16": { "start": { "line": 46, "column": 8 }, "end": { "line": 46, "column": null } },
      "17": { "start": { "line": 47, "column": 6 }, "end": { "line": 49, "column": null } },
      "18": { "start": { "line": 48, "column": 8 }, "end": { "line": 48, "column": null } },
      "19": { "start": { "line": 48, "column": 67 }, "end": { "line": 48, "column": 91 } },
      "20": { "start": { "line": 52, "column": 12 }, "end": { "line": 56, "column": null } },
      "21": { "start": { "line": 58, "column": 6 }, "end": { "line": 65, "column": null } },
      "22": { "start": { "line": 70, "column": 4 }, "end": { "line": 70, "column": null } },
      "23": { "start": { "line": 70, "column": 46 }, "end": { "line": 70, "column": null } },
      "24": { "start": { "line": 72, "column": 4 }, "end": { "line": 88, "column": null } },
      "25": { "start": { "line": 73, "column": 30 }, "end": { "line": 73, "column": null } },
      "26": { "start": { "line": 74, "column": 23 }, "end": { "line": 74, "column": null } },
      "27": { "start": { "line": 76, "column": 6 }, "end": { "line": 85, "column": null } },
      "28": { "start": { "line": 77, "column": 24 }, "end": { "line": 77, "column": null } },
      "29": { "start": { "line": 78, "column": 8 }, "end": { "line": 84, "column": null } },
      "30": { "start": { "line": 79, "column": 10 }, "end": { "line": 82, "column": null } },
      "31": { "start": { "line": 83, "column": 10 }, "end": { "line": 83, "column": null } },
      "32": { "start": { "line": 87, "column": 6 }, "end": { "line": 87, "column": null } },
      "33": { "start": { "line": 92, "column": 4 }, "end": { "line": 92, "column": null } },
      "34": { "start": { "line": 95, "column": 36 }, "end": { "line": 95, "column": null } }
    },
    "fnMap": {
      "0": {
        "name": "(anonymous_0)",
        "decl": { "start": { "line": 21, "column": 57 }, "end": { "line": 21, "column": 58 } },
        "loc": { "start": { "line": 21, "column": 72 }, "end": { "line": 96, "column": 2 } },
        "line": 21
      },
      "1": {
        "name": "(anonymous_1)",
        "decl": { "start": { "line": 26, "column": 15 }, "end": { "line": 26, "column": 16 } },
        "loc": { "start": { "line": 26, "column": 29 }, "end": { "line": 35, "column": null } },
        "line": 26
      },
      "2": {
        "name": "(anonymous_2)",
        "decl": { "start": { "line": 28, "column": 8 }, "end": { "line": 28, "column": 9 } },
        "loc": { "start": { "line": 28, "column": 19 }, "end": { "line": 34, "column": 5 } },
        "line": 28
      },
      "3": {
        "name": "(anonymous_3)",
        "decl": { "start": { "line": 30, "column": 23 }, "end": { "line": 30, "column": 24 } },
        "loc": { "start": { "line": 30, "column": 36 }, "end": { "line": 32, "column": 7 } },
        "line": 30
      },
      "4": {
        "name": "(anonymous_4)",
        "decl": { "start": { "line": 37, "column": 17 }, "end": { "line": 37, "column": 18 } },
        "loc": { "start": { "line": 37, "column": 37 }, "end": { "line": 67, "column": null } },
        "line": 37
      },
      "5": {
        "name": "(anonymous_5)",
        "decl": { "start": { "line": 42, "column": 8 }, "end": { "line": 42, "column": 9 } },
        "loc": { "start": { "line": 42, "column": 19 }, "end": { "line": 66, "column": 5 } },
        "line": 42
      },
      "6": {
        "name": "(anonymous_6)",
        "decl": { "start": { "line": 48, "column": 59 }, "end": { "line": 48, "column": 60 } },
        "loc": { "start": { "line": 48, "column": 67 }, "end": { "line": 48, "column": 91 } },
        "line": 48
      },
      "7": {
        "name": "(anonymous_7)",
        "decl": { "start": { "line": 69, "column": 22 }, "end": { "line": 69, "column": 23 } },
        "loc": { "start": { "line": 69, "column": 37 }, "end": { "line": 89, "column": null } },
        "line": 69
      },
      "8": {
        "name": "(anonymous_8)",
        "decl": { "start": { "line": 72, "column": 8 }, "end": { "line": 72, "column": 9 } },
        "loc": { "start": { "line": 72, "column": 19 }, "end": { "line": 88, "column": 5 } },
        "line": 72
      },
      "9": {
        "name": "(anonymous_9)",
        "decl": { "start": { "line": 76, "column": 24 }, "end": { "line": 76, "column": 25 } },
        "loc": { "start": { "line": 76, "column": 32 }, "end": { "line": 85, "column": 7 } },
        "line": 76
      },
      "10": {
        "name": "(anonymous_10)",
        "decl": { "start": { "line": 91, "column": 24 }, "end": { "line": 91, "column": 25 } },
        "loc": { "start": { "line": 91, "column": 33 }, "end": { "line": 93, "column": null } },
        "line": 91
      },
      "11": {
        "name": "(anonymous_11)",
        "decl": { "start": { "line": 95, "column": 23 }, "end": { "line": 95, "column": 24 } },
        "loc": { "start": { "line": 95, "column": 36 }, "end": { "line": 95, "column": null } },
        "line": 95
      }
    },
    "branchMap": {
      "0": {
        "loc": { "start": { "line": 27, "column": 4 }, "end": { "line": 27, "column": null } },
        "type": "if",
        "locations": [
          { "start": { "line": 27, "column": 4 }, "end": { "line": 27, "column": null } },
          { "start": {}, "end": {} }
        ],
        "line": 27
      },
      "1": {
        "loc": { "start": { "line": 27, "column": 8 }, "end": { "line": 27, "column": 44 } },
        "type": "binary-expr",
        "locations": [
          { "start": { "line": 27, "column": 8 }, "end": { "line": 27, "column": 21 } },
          { "start": { "line": 27, "column": 21 }, "end": { "line": 27, "column": 44 } }
        ],
        "line": 27
      },
      "2": {
        "loc": { "start": { "line": 45, "column": 6 }, "end": { "line": 49, "column": null } },
        "type": "if",
        "locations": [
          { "start": { "line": 45, "column": 6 }, "end": { "line": 49, "column": null } },
          { "start": { "line": 47, "column": 6 }, "end": { "line": 49, "column": null } }
        ],
        "line": 45
      },
      "3": {
        "loc": { "start": { "line": 45, "column": 10 }, "end": { "line": 45, "column": 39 } },
        "type": "binary-expr",
        "locations": [
          { "start": { "line": 45, "column": 10 }, "end": { "line": 45, "column": 26 } },
          { "start": { "line": 45, "column": 26 }, "end": { "line": 45, "column": 39 } }
        ],
        "line": 45
      },
      "4": {
        "loc": { "start": { "line": 47, "column": 6 }, "end": { "line": 49, "column": null } },
        "type": "if",
        "locations": [
          { "start": { "line": 47, "column": 6 }, "end": { "line": 49, "column": null } },
          { "start": {}, "end": {} }
        ],
        "line": 47
      },
      "5": {
        "loc": { "start": { "line": 47, "column": 17 }, "end": { "line": 47, "column": 46 } },
        "type": "binary-expr",
        "locations": [
          { "start": { "line": 47, "column": 17 }, "end": { "line": 47, "column": 34 } },
          { "start": { "line": 47, "column": 34 }, "end": { "line": 47, "column": 46 } }
        ],
        "line": 47
      },
      "6": {
        "loc": { "start": { "line": 70, "column": 4 }, "end": { "line": 70, "column": null } },
        "type": "if",
        "locations": [
          { "start": { "line": 70, "column": 4 }, "end": { "line": 70, "column": null } },
          { "start": {}, "end": {} }
        ],
        "line": 70
      },
      "7": {
        "loc": { "start": { "line": 70, "column": 8 }, "end": { "line": 70, "column": 46 } },
        "type": "binary-expr",
        "locations": [
          { "start": { "line": 70, "column": 8 }, "end": { "line": 70, "column": 22 } },
          { "start": { "line": 70, "column": 22 }, "end": { "line": 70, "column": 46 } }
        ],
        "line": 70
      },
      "8": {
        "loc": { "start": { "line": 78, "column": 8 }, "end": { "line": 84, "column": null } },
        "type": "if",
        "locations": [
          { "start": { "line": 78, "column": 8 }, "end": { "line": 84, "column": null } },
          { "start": {}, "end": {} }
        ],
        "line": 78
      },
      "9": {
        "loc": { "start": { "line": 78, "column": 12 }, "end": { "line": 78, "column": 58 } },
        "type": "binary-expr",
        "locations": [
          { "start": { "line": 78, "column": 12 }, "end": { "line": 78, "column": 23 } },
          { "start": { "line": 78, "column": 23 }, "end": { "line": 78, "column": 58 } }
        ],
        "line": 78
      },
      "10": {
        "loc": { "start": { "line": 81, "column": 23 }, "end": { "line": 81, "column": 44 } },
        "type": "binary-expr",
        "locations": [
          { "start": { "line": 81, "column": 23 }, "end": { "line": 81, "column": 39 } },
          { "start": { "line": 81, "column": 39 }, "end": { "line": 81, "column": 44 } }
        ],
        "line": 81
      },
      "11": {
        "loc": { "start": { "line": 87, "column": 13 }, "end": { "line": 87, "column": null } },
        "type": "cond-expr",
        "locations": [
          { "start": { "line": 87, "column": 26 }, "end": { "line": 87, "column": 62 } },
          { "start": { "line": 87, "column": 62 }, "end": { "line": 87, "column": null } }
        ],
        "line": 87
      }
    },
    "s": {
      "0": 1,
      "1": 1,
      "2": 4,
      "3": 0,
      "4": 4,
      "5": 4,
      "6": 4,
      "7": 4,
      "8": 4,
      "9": 2,
      "10": 2,
      "11": 2,
      "12": 2,
      "13": 2,
      "14": 2,
      "15": 2,
      "16": 1,
      "17": 1,
      "18": 1,
      "19": 1,
      "20": 2,
      "21": 2,
      "22": 2,
      "23": 0,
      "24": 2,
      "25": 2,
      "26": 2,
      "27": 2,
      "28": 2,
      "29": 2,
      "30": 1,
      "31": 1,
      "32": 2,
      "33": 0,
      "34": 0
    },
    "f": {
      "0": 1,
      "1": 4,
      "2": 4,
      "3": 4,
      "4": 2,
      "5": 2,
      "6": 1,
      "7": 2,
      "8": 2,
      "9": 2,
      "10": 0,
      "11": 0
    },
    "b": {
      "0": [0, 4],
      "1": [4, 4],
      "2": [1, 1],
      "3": [2, 1],
      "4": [1, 0],
      "5": [1, 1],
      "6": [0, 2],
      "7": [2, 2],
      "8": [1, 1],
      "9": [2, 2],
      "10": [1, 0],
      "11": [1, 1]
    },
    "meta": {
      "lastBranch": 12,
      "lastFunction": 12,
      "lastStatement": 35,
      "seen": {
        "s:21:13:96:Infinity": 0,
        "f:21:57:21:58": 0,
        "s:21:72:96:2": 1,
        "f:26:15:26:16": 1,
        "b:27:4:27:Infinity:undefined:undefined:undefined:undefined": 0,
        "s:27:4:27:Infinity": 2,
        "b:27:8:27:21:27:21:27:44": 1,
        "s:27:44:27:Infinity": 3,
        "s:28:4:34:Infinity": 4,
        "f:28:8:28:9": 2,
        "s:29:30:29:Infinity": 5,
        "s:30:6:32:Infinity": 6,
        "f:30:23:30:24": 3,
        "s:31:8:31:Infinity": 7,
        "s:33:6:33:Infinity": 8,
        "f:37:17:37:18": 4,
        "s:38:23:38:Infinity": 9,
        "s:39:23:39:Infinity": 10,
        "s:40:25:40:Infinity": 11,
        "s:42:4:66:Infinity": 12,
        "f:42:8:42:9": 5,
        "s:43:30:43:Infinity": 13,
        "s:44:33:44:Infinity": 14,
        "b:45:6:49:Infinity:47:6:49:Infinity": 2,
        "s:45:6:49:Infinity": 15,
        "b:45:10:45:26:45:26:45:39": 3,
        "s:46:8:46:Infinity": 16,
        "b:47:6:49:Infinity:undefined:undefined:undefined:undefined": 4,
        "s:47:6:49:Infinity": 17,
        "b:47:17:47:34:47:34:47:46": 5,
        "s:48:8:48:Infinity": 18,
        "f:48:59:48:60": 6,
        "s:48:67:48:91": 19,
        "s:52:12:56:Infinity": 20,
        "s:58:6:65:Infinity": 21,
        "f:69:22:69:23": 7,
        "b:70:4:70:Infinity:undefined:undefined:undefined:undefined": 6,
        "s:70:4:70:Infinity": 22,
        "b:70:8:70:22:70:22:70:46": 7,
        "s:70:46:70:Infinity": 23,
        "s:72:4:88:Infinity": 24,
        "f:72:8:72:9": 8,
        "s:73:30:73:Infinity": 25,
        "s:74:23:74:Infinity": 26,
        "s:76:6:85:Infinity": 27,
        "f:76:24:76:25": 9,
        "s:77:24:77:Infinity": 28,
        "b:78:8:84:Infinity:undefined:undefined:undefined:undefined": 8,
        "s:78:8:84:Infinity": 29,
        "b:78:12:78:23:78:23:78:58": 9,
        "s:79:10:82:Infinity": 30,
        "b:81:23:81:39:81:39:81:44": 10,
        "s:83:10:83:Infinity": 31,
        "s:87:6:87:Infinity": 32,
        "b:87:26:87:62:87:62:87:Infinity": 11,
        "f:91:24:91:25": 10,
        "s:92:4:92:Infinity": 33,
        "f:95:23:95:24": 11,
        "s:95:36:95:Infinity": 34
      }
    }
  },
  "/Users/Alok/alok-rss-daily/store/uiStore.ts": {
    "path": "/Users/Alok/alok-rss-daily/store/uiStore.ts",
    "statementMap": {
      "0": { "start": { "line": 47, "column": 13 }, "end": { "line": 123, "column": null } },
      "1": { "start": { "line": 47, "column": 57 }, "end": { "line": 123, "column": 2 } },
      "2": { "start": { "line": 56, "column": 4 }, "end": { "line": 61, "column": null } },
      "3": { "start": { "line": 64, "column": 25 }, "end": { "line": 64, "column": null } },
      "4": { "start": { "line": 65, "column": 32 }, "end": { "line": 65, "column": null } },
      "5": { "start": { "line": 66, "column": 32 }, "end": { "line": 66, "column": null } },
      "6": { "start": { "line": 69, "column": 4 }, "end": { "line": 72, "column": null } },
      "7": { "start": { "line": 75, "column": 4 }, "end": { "line": 78, "column": null } },
      "8": { "start": { "line": 80, "column": 29 }, "end": { "line": 80, "column": null } },
      "9": { "start": { "line": 84, "column": 31 }, "end": { "line": 84, "column": null } },
      "10": { "start": { "line": 86, "column": 4 }, "end": { "line": 93, "column": null } },
      "11": { "start": { "line": 87, "column": 18 }, "end": { "line": 87, "column": null } },
      "12": { "start": { "line": 88, "column": 19 }, "end": { "line": 88, "column": null } },
      "13": { "start": { "line": 89, "column": 6 }, "end": { "line": 89, "column": null } },
      "14": { "start": { "line": 91, "column": 6 }, "end": { "line": 91, "column": null } },
      "15": { "start": { "line": 92, "column": 6 }, "end": { "line": 92, "column": null } },
      "16": { "start": { "line": 100, "column": 29 }, "end": { "line": 100, "column": null } },
      "17": { "start": { "line": 100, "column": 45 }, "end": { "line": 100, "column": 83 } },
      "18": { "start": { "line": 101, "column": 34 }, "end": { "line": 101, "column": null } },
      "19": { "start": { "line": 103, "column": 30 }, "end": { "line": 103, "column": null } },
      "20": { "start": { "line": 103, "column": 46 }, "end": { "line": 103, "column": 96 } },
      "21": { "start": { "line": 104, "column": 45 }, "end": { "line": 104, "column": null } },
      "22": { "start": { "line": 111, "column": 4 }, "end": { "line": 111, "column": null } },
      "23": { "start": { "line": 112, "column": 4 }, "end": { "line": 119, "column": null } },
      "24": { "start": { "line": 113, "column": 6 }, "end": { "line": 117, "column": null } },
      "25": { "start": { "line": 114, "column": 8 }, "end": { "line": 114, "column": null } },
      "26": { "start": { "line": 116, "column": 8 }, "end": { "line": 116, "column": null } },
      "27": { "start": { "line": 118, "column": 6 }, "end": { "line": 118, "column": null } },
      "28": { "start": { "line": 121, "column": 25 }, "end": { "line": 121, "column": null } },
      "29": { "start": { "line": 122, "column": 29 }, "end": { "line": 122, "column": null } }
    },
    "fnMap": {
      "0": {
        "name": "(anonymous_0)",
        "decl": { "start": { "line": 47, "column": 47 }, "end": { "line": 47, "column": 48 } },
        "loc": { "start": { "line": 47, "column": 57 }, "end": { "line": 123, "column": 2 } },
        "line": 47
      },
      "1": {
        "name": "(anonymous_1)",
        "decl": { "start": { "line": 55, "column": 19 }, "end": { "line": 55, "column": 20 } },
        "loc": { "start": { "line": 55, "column": 31 }, "end": { "line": 62, "column": null } },
        "line": 55
      },
      "2": {
        "name": "(anonymous_2)",
        "decl": { "start": { "line": 64, "column": 15 }, "end": { "line": 64, "column": 16 } },
        "loc": { "start": { "line": 64, "column": 25 }, "end": { "line": 64, "column": null } },
        "line": 64
      },
      "3": {
        "name": "(anonymous_3)",
        "decl": { "start": { "line": 65, "column": 20 }, "end": { "line": 65, "column": 21 } },
        "loc": { "start": { "line": 65, "column": 32 }, "end": { "line": 65, "column": null } },
        "line": 65
      },
      "4": {
        "name": "(anonymous_4)",
        "decl": { "start": { "line": 66, "column": 24 }, "end": { "line": 66, "column": 25 } },
        "loc": { "start": { "line": 66, "column": 32 }, "end": { "line": 66, "column": null } },
        "line": 66
      },
      "5": {
        "name": "(anonymous_5)",
        "decl": { "start": { "line": 68, "column": 13 }, "end": { "line": 68, "column": 14 } },
        "loc": { "start": { "line": 69, "column": 4 }, "end": { "line": 72, "column": null } },
        "line": 69
      },
      "6": {
        "name": "(anonymous_6)",
        "decl": { "start": { "line": 74, "column": 14 }, "end": { "line": 74, "column": null } },
        "loc": { "start": { "line": 75, "column": 4 }, "end": { "line": 78, "column": null } },
        "line": 75
      },
      "7": {
        "name": "(anonymous_7)",
        "decl": { "start": { "line": 80, "column": 21 }, "end": { "line": 80, "column": 22 } },
        "loc": { "start": { "line": 80, "column": 29 }, "end": { "line": 80, "column": null } },
        "line": 80
      },
      "8": {
        "name": "(anonymous_8)",
        "decl": { "start": { "line": 84, "column": 18 }, "end": { "line": 84, "column": 19 } },
        "loc": { "start": { "line": 84, "column": 31 }, "end": { "line": 84, "column": null } },
        "line": 84
      },
      "9": {
        "name": "(anonymous_9)",
        "decl": { "start": { "line": 85, "column": 20 }, "end": { "line": 85, "column": 32 } },
        "loc": { "start": { "line": 85, "column": 32 }, "end": { "line": 94, "column": null } },
        "line": 85
      },
      "10": {
        "name": "(anonymous_10)",
        "decl": { "start": { "line": 100, "column": 23 }, "end": { "line": 100, "column": 29 } },
        "loc": { "start": { "line": 100, "column": 29 }, "end": { "line": 100, "column": null } },
        "line": 100
      },
      "11": {
        "name": "(anonymous_11)",
        "decl": { "start": { "line": 100, "column": 33 }, "end": { "line": 100, "column": 34 } },
        "loc": { "start": { "line": 100, "column": 45 }, "end": { "line": 100, "column": 83 } },
        "line": 100
      },
      "12": {
        "name": "(anonymous_12)",
        "decl": { "start": { "line": 101, "column": 24 }, "end": { "line": 101, "column": 25 } },
        "loc": { "start": { "line": 101, "column": 34 }, "end": { "line": 101, "column": null } },
        "line": 101
      },
      "13": {
        "name": "(anonymous_13)",
        "decl": { "start": { "line": 103, "column": 24 }, "end": { "line": 103, "column": 30 } },
        "loc": { "start": { "line": 103, "column": 30 }, "end": { "line": 103, "column": null } },
        "line": 103
      },
      "14": {
        "name": "(anonymous_14)",
        "decl": { "start": { "line": 103, "column": 34 }, "end": { "line": 103, "column": 35 } },
        "loc": { "start": { "line": 103, "column": 46 }, "end": { "line": 103, "column": 96 } },
        "line": 103
      },
      "15": {
        "name": "(anonymous_15)",
        "decl": { "start": { "line": 104, "column": 30 }, "end": { "line": 104, "column": 31 } },
        "loc": { "start": { "line": 104, "column": 45 }, "end": { "line": 104, "column": null } },
        "line": 104
      },
      "16": {
        "name": "(anonymous_16)",
        "decl": { "start": { "line": 110, "column": 12 }, "end": { "line": 110, "column": 13 } },
        "loc": { "start": { "line": 110, "column": 23 }, "end": { "line": 120, "column": null } },
        "line": 110
      },
      "17": {
        "name": "(anonymous_17)",
        "decl": { "start": { "line": 121, "column": 15 }, "end": { "line": 121, "column": 16 } },
        "loc": { "start": { "line": 121, "column": 25 }, "end": { "line": 121, "column": null } },
        "line": 121
      },
      "18": {
        "name": "(anonymous_18)",
        "decl": { "start": { "line": 122, "column": 17 }, "end": { "line": 122, "column": 18 } },
        "loc": { "start": { "line": 122, "column": 29 }, "end": { "line": 122, "column": null } },
        "line": 122
      }
    },
    "branchMap": {
      "0": {
        "loc": { "start": { "line": 68, "column": 18 }, "end": { "line": 68, "column": null } },
        "type": "default-arg",
        "locations": [
          { "start": { "line": 68, "column": 25 }, "end": { "line": 68, "column": null } }
        ],
        "line": 68
      },
      "1": {
        "loc": { "start": { "line": 112, "column": 4 }, "end": { "line": 119, "column": null } },
        "type": "if",
        "locations": [
          { "start": { "line": 112, "column": 4 }, "end": { "line": 119, "column": null } },
          { "start": {}, "end": {} }
        ],
        "line": 112
      },
      "2": {
        "loc": { "start": { "line": 113, "column": 6 }, "end": { "line": 117, "column": null } },
        "type": "if",
        "locations": [
          { "start": { "line": 113, "column": 6 }, "end": { "line": 117, "column": null } },
          { "start": { "line": 115, "column": 13 }, "end": { "line": 117, "column": null } }
        ],
        "line": 113
      }
    },
    "s": {
      "0": 1,
      "1": 1,
      "2": 1,
      "3": 1,
      "4": 0,
      "5": 0,
      "6": 2,
      "7": 1,
      "8": 0,
      "9": 0,
      "10": 0,
      "11": 0,
      "12": 0,
      "13": 0,
      "14": 0,
      "15": 0,
      "16": 0,
      "17": 0,
      "18": 0,
      "19": 0,
      "20": 0,
      "21": 0,
      "22": 0,
      "23": 0,
      "24": 0,
      "25": 0,
      "26": 0,
      "27": 0,
      "28": 1,
      "29": 0
    },
    "f": {
      "0": 1,
      "1": 1,
      "2": 1,
      "3": 0,
      "4": 0,
      "5": 2,
      "6": 1,
      "7": 0,
      "8": 0,
      "9": 0,
      "10": 0,
      "11": 0,
      "12": 0,
      "13": 0,
      "14": 0,
      "15": 0,
      "16": 0,
      "17": 1,
      "18": 0
    },
    "b": { "0": [2], "1": [0, 0], "2": [0, 0] },
    "meta": {
      "lastBranch": 3,
      "lastFunction": 19,
      "lastStatement": 30,
      "seen": {
        "s:47:13:123:Infinity": 0,
        "f:47:47:47:48": 0,
        "s:47:57:123:2": 1,
        "f:55:19:55:20": 1,
        "s:56:4:61:Infinity": 2,
        "f:64:15:64:16": 2,
        "s:64:25:64:Infinity": 3,
        "f:65:20:65:21": 3,
        "s:65:32:65:Infinity": 4,
        "f:66:24:66:25": 4,
        "s:66:32:66:Infinity": 5,
        "f:68:13:68:14": 5,
        "s:69:4:72:Infinity": 6,
        "b:68:25:68:Infinity": 0,
        "f:74:14:74:Infinity": 6,
        "s:75:4:78:Infinity": 7,
        "f:80:21:80:22": 7,
        "s:80:29:80:Infinity": 8,
        "f:84:18:84:19": 8,
        "s:84:31:84:Infinity": 9,
        "f:85:20:85:32": 9,
        "s:86:4:93:Infinity": 10,
        "s:87:18:87:Infinity": 11,
        "s:88:19:88:Infinity": 12,
        "s:89:6:89:Infinity": 13,
        "s:91:6:91:Infinity": 14,
        "s:92:6:92:Infinity": 15,
        "f:100:23:100:29": 10,
        "s:100:29:100:Infinity": 16,
        "f:100:33:100:34": 11,
        "s:100:45:100:83": 17,
        "f:101:24:101:25": 12,
        "s:101:34:101:Infinity": 18,
        "f:103:24:103:30": 13,
        "s:103:30:103:Infinity": 19,
        "f:103:34:103:35": 14,
        "s:103:46:103:96": 20,
        "f:104:30:104:31": 15,
        "s:104:45:104:Infinity": 21,
        "f:110:12:110:13": 16,
        "s:111:4:111:Infinity": 22,
        "b:112:4:119:Infinity:undefined:undefined:undefined:undefined": 1,
        "s:112:4:119:Infinity": 23,
        "b:113:6:117:Infinity:115:13:117:Infinity": 2,
        "s:113:6:117:Infinity": 24,
        "s:114:8:114:Infinity": 25,
        "s:116:8:116:Infinity": 26,
        "s:118:6:118:Infinity": 27,
        "f:121:15:121:16": 17,
        "s:121:25:121:Infinity": 28,
        "f:122:17:122:18": 18,
        "s:122:29:122:Infinity": 29
      }
    }
  },
  "/Users/Alok/alok-rss-daily/utils/contentUtils.ts": {
    "path": "/Users/Alok/alok-rss-daily/utils/contentUtils.ts",
    "statementMap": {
      "0": { "start": { "line": 6, "column": 2 }, "end": { "line": 6, "column": null } },
      "1": { "start": { "line": 6, "column": 13 }, "end": { "line": 6, "column": null } },
      "2": { "start": { "line": 12, "column": 2 }, "end": { "line": 12, "column": null } },
      "3": { "start": { "line": 21, "column": 2 }, "end": { "line": 21, "column": null } },
      "4": { "start": { "line": 21, "column": 13 }, "end": { "line": 21, "column": null } },
      "5": { "start": { "line": 22, "column": 2 }, "end": { "line": 22, "column": null } },
[...]
      "12": { "start": { "line": 36, "column": 2 }, "end": { "line": 36, "column": null } }
    },
    "fnMap": {
      "0": {
        "name": "(anonymous_0)",
        "decl": { "start": { "line": 10, "column": 34 }, "end": { "line": 10, "column": 35 } },
        "loc": { "start": { "line": 10, "column": 80 }, "end": { "line": 27, "column": null } },
        "line": 10
      },
      "1": {
        "name": "(anonymous_1)",
        "decl": { "start": { "line": 29, "column": 34 }, "end": { "line": 29, "column": 48 } },
        "loc": { "start": { "line": 29, "column": 48 }, "end": { "line": 37, "column": null } },
        "line": 29
      }
    },
    "branchMap": {
      "0": {
        "loc": { "start": { "line": 11, "column": 2 }, "end": { "line": 11, "column": null } },
        "type": "if",
        "locations": [
          { "start": { "line": 11, "column": 2 }, "end": { "line": 11, "column": null } },
          { "start": {}, "end": {} }
        ],
        "line": 11
      },
      "1": {
        "loc": { "start": { "line": 24, "column": 2 }, "end": { "line": 24, "column": null } },
        "type": "if",
        "locations": [
          { "start": { "line": 24, "column": 2 }, "end": { "line": 24, "column": null } },
          { "start": {}, "end": {} }
        ],
        "line": 24
      },
      "2": {
        "loc": { "start": { "line": 24, "column": 6 }, "end": { "line": 24, "column": 30 } },
        "type": "binary-expr",
        "locations": [
          { "start": { "line": 24, "column": 6 }, "end": { "line": 24, "column": 19 } },
          { "start": { "line": 24, "column": 19 }, "end": { "line": 24, "column": 30 } }
        ],
        "line": 24
      },
      "3": {
        "loc": { "start": { "line": 25, "column": 2 }, "end": { "line": 25, "column": null } },
        "type": "if",
        "locations": [
          { "start": { "line": 25, "column": 2 }, "end": { "line": 25, "column": null } },
          { "start": {}, "end": {} }
        ],
        "line": 25
      },
      "4": {
        "loc": { "start": { "line": 25, "column": 6 }, "end": { "line": 25, "column": 31 } },
        "type": "binary-expr",
        "locations": [
          { "start": { "line": 25, "column": 6 }, "end": { "line": 25, "column": 20 } },
          { "start": { "line": 25, "column": 20 }, "end": { "line": 25, "column": 31 } }
        ],
        "line": 25
      }
    },
    "s": {
      "0": 2,
      "1": 7,
      "2": 1,
      "3": 6,
      "4": 6,
      "5": 6,
      "6": 2,
      "7": 4,
      "8": 2,
      "9": 2,
      "10": 2,
      "11": 0,
      "12": 0
    },
    "f": { "0": 7, "1": 0 },
    "b": { "0": [1, 6], "1": [2, 4], "2": [6, 6], "3": [2, 2], "4": [4, 4] },
    "meta": {
      "lastBranch": 5,
      "lastFunction": 2,
      "lastStatement": 13,
      "seen": {
        "s:10:34:27:Infinity": 0,
        "f:10:34:10:35": 0,
        "b:11:2:11:Infinity:undefined:undefined:undefined:undefined": 0,
        "s:11:2:11:Infinity": 1,
        "s:11:19:11:Infinity": 2,
        "s:13:15:13:Infinity": 3,
        "s:15:15:22:Infinity": 4,
        "b:24:2:24:Infinity:undefined:undefined:undefined:undefined": 1,
        "s:24:2:24:Infinity": 5,
        "b:24:6:24:19:24:19:24:30": 2,
        "s:24:30:24:Infinity": 6,
        "b:25:2:25:Infinity:undefined:undefined:undefined:undefined": 3,
        "s:25:2:25:Infinity": 7,
        "b:25:6:25:20:25:20:25:31": 4,
        "s:25:31:25:Infinity": 8,
        "s:26:2:26:Infinity": 9,
        "s:29:34:37:Infinity": 10,
        "f:29:34:29:48": 1,
        "s:30:20:35:Infinity": 11,
        "s:36:2:36:Infinity": 12
      }
    }
  },
  "/Users/Alok/alok-rss-daily/utils/idHelpers.ts": {
    "path": "/Users/Alok/alok-rss-daily/utils/idHelpers.ts",
    "statementMap": {
      "0": { "start": { "line": 3, "column": 25 }, "end": { "line": 6, "column": null } },
      "1": { "start": { "line": 4, "column": 2 }, "end": { "line": 4, "column": null } },
      "2": { "start": { "line": 4, "column": 15 }, "end": { "line": 4, "column": null } },
      "3": { "start": { "line": 5, "column": 2 }, "end": { "line": 5, "column": null } },
      "4": { "start": { "line": 8, "column": 24 }, "end": { "line": 16, "column": null } },
      "5": { "start": { "line": 9, "column": 2 }, "end": { "line": 9, "column": null } },
      "6": { "start": { "line": 9, "column": 16 }, "end": { "line": 9, "column": null } },
      "7": { "start": { "line": 11, "column": 2 }, "end": { "line": 11, "column": null } },
      "8": { "start": { "line": 11, "column": 45 }, "end": { "line": 11, "column": null } },
      "9": { "start": { "line": 13, "column": 2 }, "end": { "line": 13, "column": null } },
      "10": { "start": { "line": 13, "column": 29 }, "end": { "line": 13, "column": null } },
      "11": { "start": { "line": 15, "column": 2 }, "end": { "line": 15, "column": null } }
    },
    "fnMap": {
      "0": {
        "name": "(anonymous_0)",
        "decl": { "start": { "line": 3, "column": 25 }, "end": { "line": 3, "column": 26 } },
        "loc": { "start": { "line": 3, "column": 53 }, "end": { "line": 6, "column": null } },
        "line": 3
      },
      "1": {
        "name": "(anonymous_1)",
        "decl": { "start": { "line": 8, "column": 24 }, "end": { "line": 8, "column": 25 } },
        "loc": { "start": { "line": 8, "column": 53 }, "end": { "line": 16, "column": null } },
        "line": 8
      }
    },
    "branchMap": {
      "0": {
        "loc": { "start": { "line": 4, "column": 2 }, "end": { "line": 4, "column": null } },
        "type": "if",
        "locations": [
          { "start": { "line": 4, "column": 2 }, "end": { "line": 4, "column": null } },
          { "start": {}, "end": {} }
        ],
        "line": 4
      },
      "1": {
        "loc": { "start": { "line": 9, "column": 2 }, "end": { "line": 9, "column": null } },
        "type": "if",
        "locations": [
          { "start": { "line": 9, "column": 2 }, "end": { "line": 9, "column": null } },
          { "start": {}, "end": {} }
        ],
        "line": 9
      },
      "2": {
        "loc": { "start": { "line": 11, "column": 2 }, "end": { "line": 11, "column": null } },
        "type": "if",
        "locations": [
          { "start": { "line": 11, "column": 2 }, "end": { "line": 11, "column": null } },
          { "start": {}, "end": {} }
        ],
        "line": 11
      },
      "3": {
        "loc": { "start": { "line": 13, "column": 2 }, "end": { "line": 13, "column": null } },
        "type": "if",
        "locations": [
          { "start": { "line": 13, "column": 2 }, "end": { "line": 13, "column": null } },
          { "start": {}, "end": {} }
        ],
        "line": 13
      }
    },
    "s": {
      "0": 2,
      "1": 3,
      "2": 1,
      "3": 2,
      "4": 2,
      "5": 9,
      "6": 1,
      "7": 8,
      "8": 1,
      "9": 7,
      "10": 1,
      "11": 6
    },
    "f": { "0": 3, "1": 9 },
    "b": { "0": [1, 2], "1": [1, 8], "2": [1, 7], "3": [1, 6] },
    "meta": {
      "lastBranch": 4,
      "lastFunction": 2,
      "lastStatement": 12,
      "seen": {
        "s:3:25:6:Infinity": 0,
        "f:3:25:3:26": 0,
        "b:4:2:4:Infinity:undefined:undefined:undefined:undefined": 0,
        "s:4:2:4:Infinity": 1,
        "s:4:15:4:Infinity": 2,
        "s:5:2:5:Infinity": 3,
        "s:8:24:16:Infinity": 4,
        "f:8:24:8:25": 1,
        "b:9:2:9:Infinity:undefined:undefined:undefined:undefined": 1,
        "s:9:2:9:Infinity": 5,
        "s:9:16:9:Infinity": 6,
        "b:11:2:11:Infinity:undefined:undefined:undefined:undefined": 2,
        "s:11:2:11:Infinity": 7,
        "s:11:45:11:Infinity": 8,
        "b:13:2:13:Infinity:undefined:undefined:undefined:undefined": 3,
        "s:13:2:13:Infinity": 9,
        "s:13:29:13:Infinity": 10,
        "s:15:2:15:Infinity": 11
      }
    }
  },
  "/Users/Alok/alok-rss-daily/utils/serverSanitize.ts": {
    "path": "/Users/Alok/alok-rss-daily/utils/serverSanitize.ts",
    "statementMap": {
      "0": { "start": { "line": 9, "column": 2 }, "end": { "line": 9, "column": null } },
      "1": { "start": { "line": 9, "column": 13 }, "end": { "line": 9, "column": null } },
      "2": { "start": { "line": 11, "column": 2 }, "end": { "line": 46, "column": null } }
    },
    "fnMap": {
      "0": {
        "name": "sanitizeHtml",
        "decl": { "start": { "line": 8, "column": 16 }, "end": { "line": 8, "column": 29 } },
        "loc": { "start": { "line": 8, "column": 51 }, "end": { "line": 47, "column": null } },
        "line": 8
      }
    },
    "branchMap": {
      "0": {
        "loc": { "start": { "line": 9, "column": 2 }, "end": { "line": 9, "column": null } },
        "type": "if",
        "locations": [
          { "start": { "line": 9, "column": 2 }, "end": { "line": 9, "column": null } },
          { "start": {}, "end": {} }
        ],
        "line": 9
      }
    },
    "s": { "0": 7, "1": 2, "2": 5 },
    "f": { "0": 7 },
    "b": { "0": [2, 5] },
    "meta": {
      "lastBranch": 1,
      "lastFunction": 1,
      "lastStatement": 3,
      "seen": {
        "f:8:16:8:29": 0,
        "b:9:2:9:Infinity:undefined:undefined:undefined:undefined": 0,
        "s:9:2:9:Infinity": 0,
        "s:9:13:9:Infinity": 1,
        "s:11:2:46:Infinity": 2
      }
    }
  },
  "/Users/Alok/alok-rss-daily/utils/tagUtils.ts": {
    "path": "/Users/Alok/alok-rss-daily/utils/tagUtils.ts",
    "statementMap": {
      "0": { "start": { "line": 7, "column": 25 }, "end": { "line": 8, "column": null } },
      "1": { "start": { "line": 8, "column": 2 }, "end": { "line": 8, "column": null } },
      "2": { "start": { "line": 20, "column": 41 }, "end": { "line": 60, "column": null } },
      "3": { "start": { "line": 25, "column": 22 }, "end": { "line": 25, "column": null } },
      "4": { "start": { "line": 26, "column": 22 }, "end": { "line": 26, "column": null } },
      "5": { "start": { "line": 28, "column": 20 }, "end": { "line": 28, "column": null } },
      "6": { "start": { "line": 28, "column": 51 }, "end": { "line": 28, "column": 70 } },
      "7": { "start": { "line": 29, "column": 23 }, "end": { "line": 29, "column": null } },
      "8": { "start": { "line": 29, "column": 54 }, "end": { "line": 29, "column": 73 } },
      "9": { "start": { "line": 31, "column": 2 }, "end": { "line": 33, "column": null } },
      "10": { "start": { "line": 32, "column": 4 }, "end": { "line": 32, "column": null } },
      "11": { "start": { "line": 35, "column": 25 }, "end": { "line": 35, "column": null } },
      "12": { "start": { "line": 38, "column": 25 }, "end": { "line": 38, "column": null } },
      "13": { "start": { "line": 38, "column": 61 }, "end": { "line": 38, "column": 65 } },
      "14": { "start": { "line": 39, "column": 23 }, "end": { "line": 39, "column": null } },
      "15": { "start": { "line": 39, "column": 48 }, "end": { "line": 39, "column": 71 } },
      "16": { "start": { "line": 42, "column": 2 }, "end": { "line": 45, "column": null } },
      "17": { "start": { "line": 43, "column": 18 }, "end": { "line": 43, "column": null } },
      "18": { "start": { "line": 44, "column": 4 }, "end": { "line": 44, "column": null } },
      "19": { "start": { "line": 48, "column": 2 }, "end": { "line": 57, "column": null } },
      "20": { "start": { "line": 49, "column": 19 }, "end": { "line": 49, "column": null } },
      "21": { "start": { "line": 50, "column": 4 }, "end": { "line": 52, "column": null } },
      "22": { "start": { "line": 51, "column": 6 }, "end": { "line": 51, "column": null } },
      "23": { "start": { "line": 53, "column": 4 }, "end": { "line": 55, "column": null } },
      "24": { "start": { "line": 54, "column": 6 }, "end": { "line": 54, "column": null } },
      "25": { "start": { "line": 56, "column": 4 }, "end": { "line": 56, "column": null } },
      "26": { "start": { "line": 59, "column": 2 }, "end": { "line": 59, "column": null } }
    },
    "fnMap": {
      "0": {
        "name": "(anonymous_0)",
        "decl": { "start": { "line": 7, "column": 25 }, "end": { "line": 7, "column": 26 } },
        "loc": { "start": { "line": 8, "column": 2 }, "end": { "line": 8, "column": null } },
        "line": 8
      },
      "1": {
        "name": "(anonymous_1)",
        "decl": { "start": { "line": 20, "column": 41 }, "end": { "line": 20, "column": null } },
        "loc": { "start": { "line": 24, "column": 12 }, "end": { "line": 60, "column": null } },
        "line": 24
      },
      "2": {
        "name": "(anonymous_2)",
        "decl": { "start": { "line": 28, "column": 44 }, "end": { "line": 28, "column": 45 } },
        "loc": { "start": { "line": 28, "column": 51 }, "end": { "line": 28, "column": 70 } },
        "line": 28
      },
      "3": {
        "name": "(anonymous_3)",
        "decl": { "start": { "line": 29, "column": 47 }, "end": { "line": 29, "column": 48 } },
        "loc": { "start": { "line": 29, "column": 54 }, "end": { "line": 29, "column": 73 } },
        "line": 29
      },
      "4": {
        "name": "(anonymous_4)",
        "decl": { "start": { "line": 38, "column": 54 }, "end": { "line": 38, "column": 55 } },
        "loc": { "start": { "line": 38, "column": 61 }, "end": { "line": 38, "column": 65 } },
        "line": 38
      },
      "5": {
        "name": "(anonymous_5)",
        "decl": { "start": { "line": 39, "column": 40 }, "end": { "line": 39, "column": 41 } },
        "loc": { "start": { "line": 39, "column": 48 }, "end": { "line": 39, "column": 71 } },
        "line": 39
      },
      "6": {
        "name": "(anonymous_6)",
        "decl": { "start": { "line": 42, "column": 23 }, "end": { "line": 42, "column": 24 } },
        "loc": { "start": { "line": 42, "column": 31 }, "end": { "line": 45, "column": 3 } },
        "line": 42
      },
      "7": {
        "name": "(anonymous_7)",
        "decl": { "start": { "line": 48, "column": 42 }, "end": { "line": 48, "column": 43 } },
        "loc": { "start": { "line": 48, "column": 51 }, "end": { "line": 57, "column": 3 } },
        "line": 48
      }
    },
    "branchMap": {
      "0": {
        "loc": { "start": { "line": 8, "column": 2 }, "end": { "line": 8, "column": null } },
        "type": "binary-expr",
        "locations": [
          { "start": { "line": 8, "column": 2 }, "end": { "line": 8, "column": 43 } },
          { "start": { "line": 8, "column": 43 }, "end": { "line": 8, "column": null } }
        ],
        "line": 8
      },
      "1": {
        "loc": { "start": { "line": 22, "column": 2 }, "end": { "line": 22, "column": null } },
        "type": "default-arg",
        "locations": [
          { "start": { "line": 22, "column": 29 }, "end": { "line": 22, "column": null } }
        ],
        "line": 22
      },
      "2": {
        "loc": { "start": { "line": 23, "column": 2 }, "end": { "line": 23, "column": null } },
        "type": "default-arg",
        "locations": [
          { "start": { "line": 23, "column": 29 }, "end": { "line": 23, "column": null } }
        ],
        "line": 23
      },
      "3": {
        "loc": { "start": { "line": 31, "column": 2 }, "end": { "line": 33, "column": null } },
        "type": "if",
        "locations": [
          { "start": { "line": 31, "column": 2 }, "end": { "line": 33, "column": null } },
          { "start": {}, "end": {} }
        ],
        "line": 31
      },
      "4": {
        "loc": { "start": { "line": 31, "column": 6 }, "end": { "line": 31, "column": 59 } },
        "type": "binary-expr",
        "locations": [
          { "start": { "line": 31, "column": 6 }, "end": { "line": 31, "column": 32 } },
          { "start": { "line": 31, "column": 32 }, "end": { "line": 31, "column": 59 } }
        ],
        "line": 31
      },
      "5": {
        "loc": { "start": { "line": 43, "column": 37 }, "end": { "line": 43, "column": 62 } },
        "type": "binary-expr",
        "locations": [
          { "start": { "line": 43, "column": 37 }, "end": { "line": 43, "column": 60 } },
          { "start": { "line": 43, "column": 60 }, "end": { "line": 43, "column": 62 } }
        ],
        "line": 43
      },
      "6": {
        "loc": { "start": { "line": 50, "column": 4 }, "end": { "line": 52, "column": null } },
        "type": "if",
        "locations": [
          { "start": { "line": 50, "column": 4 }, "end": { "line": 52, "column": null } },
          { "start": {}, "end": {} }
        ],
        "line": 50
      },
      "7": {
        "loc": { "start": { "line": 51, "column": 22 }, "end": { "line": 51, "column": 43 } },
        "type": "binary-expr",
        "locations": [
          { "start": { "line": 51, "column": 22 }, "end": { "line": 51, "column": 38 } },
          { "start": { "line": 51, "column": 38 }, "end": { "line": 51, "column": 43 } }
        ],
        "line": 51
      },
      "8": {
        "loc": { "start": { "line": 53, "column": 4 }, "end": { "line": 55, "column": null } },
        "type": "if",
        "locations": [
          { "start": { "line": 53, "column": 4 }, "end": { "line": 55, "column": null } },
          { "start": {}, "end": {} }
        ],
        "line": 53
      },
      "9": {
        "loc": { "start": { "line": 54, "column": 34 }, "end": { "line": 54, "column": 55 } },
        "type": "binary-expr",
        "locations": [
          { "start": { "line": 54, "column": 34 }, "end": { "line": 54, "column": 50 } },
          { "start": { "line": 54, "column": 50 }, "end": { "line": 54, "column": 55 } }
        ],
        "line": 54
      }
    },
    "s": {
      "0": 2,
      "1": 19,
      "2": 2,
      "3": 7,
      "4": 7,
      "5": 7,
      "6": 7,
      "7": 7,
      "8": 7,
      "9": 7,
      "10": 3,
      "11": 4,
      "12": 4,
      "13": 7,
      "14": 4,
      "15": 2,
      "16": 4,
      "17": 1,
      "18": 1,
      "19": 4,
      "20": 8,
      "21": 8,
      "22": 2,
      "23": 8,
      "24": 2,
      "25": 8,
      "26": 4
    },
    "f": { "0": 19, "1": 7, "2": 7, "3": 7, "4": 7, "5": 2, "6": 1, "7": 8 },
    "b": {
      "0": [19, 16],
      "1": [7],
      "2": [7],
      "3": [3, 4],
      "4": [7, 5],
      "5": [1, 0],
      "6": [2, 6],
      "7": [2, 1],
      "8": [2, 6],
      "9": [2, 1]
    },
    "meta": {
      "lastBranch": 10,
      "lastFunction": 8,
      "lastStatement": 27,
      "seen": {
        "s:7:25:8:Infinity": 0,
        "f:7:25:7:26": 0,
        "s:8:2:8:Infinity": 1,
        "b:8:2:8:43:8:43:8:Infinity": 0,
        "s:20:41:60:Infinity": 2,
        "f:20:41:20:Infinity": 1,
        "b:22:29:22:Infinity": 1,
        "b:23:29:23:Infinity": 2,
        "s:25:22:25:Infinity": 3,
        "s:26:22:26:Infinity": 4,
        "s:28:20:28:Infinity": 5,
        "f:28:44:28:45": 2,
        "s:28:51:28:70": 6,
        "s:29:23:29:Infinity": 7,
        "f:29:47:29:48": 3,
        "s:29:54:29:73": 8,
        "b:31:2:33:Infinity:undefined:undefined:undefined:undefined": 3,
        "s:31:2:33:Infinity": 9,
        "b:31:6:31:32:31:32:31:59": 4,
        "s:32:4:32:Infinity": 10,
        "s:35:25:35:Infinity": 11,
        "s:38:25:38:Infinity": 12,
        "f:38:54:38:55": 4,
        "s:38:61:38:65": 13,
        "s:39:23:39:Infinity": 14,
        "f:39:40:39:41": 5,
        "s:39:48:39:71": 15,
        "s:42:2:45:Infinity": 16,
        "f:42:23:42:24": 6,
        "s:43:18:43:Infinity": 17,
        "b:43:37:43:60:43:60:43:62": 5,
        "s:44:4:44:Infinity": 18,
        "s:48:2:57:Infinity": 19,
        "f:48:42:48:43": 7,
        "s:49:19:49:Infinity": 20,
        "b:50:4:52:Infinity:undefined:undefined:undefined:undefined": 6,
        "s:50:4:52:Infinity": 21,
        "s:51:6:51:Infinity": 22,
        "b:51:22:51:38:51:38:51:43": 7,
        "b:53:4:55:Infinity:undefined:undefined:undefined:undefined": 8,
        "s:53:4:55:Infinity": 23,
        "s:54:6:54:Infinity": 24,
        "b:54:34:54:50:54:50:54:55": 9,
        "s:56:4:56:Infinity": 25,
        "s:59:2:59:Infinity": 26
      }
    }
  }
}
